The system is: Linux - 5.4.17-2136.341.3.3.el8uek.x86_64 - x86_64
Compiling the CXX compiler identification source file "CMakeCXXCompilerId.cpp" succeeded.
Compiler: /home/comp/zmzhang/software/anaconda3/envs/sclja/bin/c++ 
Build flags: -fvisibility-inlines-hidden;-std=c++17;-fmessage-length=0;-march=nocona;-mtune=haswell;-ftree-vectorize;-fPIC;-fstack-protector-strong;-fno-plt;-O2;-ffunction-sections;-pipe;-isystem;/home/comp/zmzhang/software/anaconda3/include
Id flags:  

The output was:
0


Compilation of the CXX compiler identification source "CMakeCXXCompilerId.cpp" produced "a.out"

The CXX compiler identification is GNU, found in "/datahome/datasets/ericteam/zmzhang/Microbe_Seq/scLJA/build/CMakeFiles/3.14.0/CompilerIdCXX/a.out"

Determining if the CXX compiler works passed with the following output:
Change Dir: /datahome/datasets/ericteam/zmzhang/Microbe_Seq/scLJA/build/CMakeFiles/CMakeTmp

Run Build Command(s):/usr/bin/gmake cmTC_aa051/fast 
/usr/bin/gmake -f CMakeFiles/cmTC_aa051.dir/build.make CMakeFiles/cmTC_aa051.dir/build
gmake[1]: Entering directory '/datahome/datasets/ericteam/zmzhang/Microbe_Seq/scLJA/build/CMakeFiles/CMakeTmp'
Building CXX object CMakeFiles/cmTC_aa051.dir/testCXXCompiler.cxx.o
/home/comp/zmzhang/software/anaconda3/envs/sclja/bin/c++     -o CMakeFiles/cmTC_aa051.dir/testCXXCompiler.cxx.o -c /datahome/datasets/ericteam/zmzhang/Microbe_Seq/scLJA/build/CMakeFiles/CMakeTmp/testCXXCompiler.cxx
Linking CXX executable cmTC_aa051
/home/comp/zmzhang/software/anaconda3/bin/cmake -E cmake_link_script CMakeFiles/cmTC_aa051.dir/link.txt --verbose=1
/home/comp/zmzhang/software/anaconda3/envs/sclja/bin/c++       CMakeFiles/cmTC_aa051.dir/testCXXCompiler.cxx.o  -o cmTC_aa051 
gmake[1]: Leaving directory '/datahome/datasets/ericteam/zmzhang/Microbe_Seq/scLJA/build/CMakeFiles/CMakeTmp'


Detecting CXX compiler ABI info compiled with the following output:
Change Dir: /datahome/datasets/ericteam/zmzhang/Microbe_Seq/scLJA/build/CMakeFiles/CMakeTmp

Run Build Command(s):/usr/bin/gmake cmTC_ad095/fast 
/usr/bin/gmake -f CMakeFiles/cmTC_ad095.dir/build.make CMakeFiles/cmTC_ad095.dir/build
gmake[1]: Entering directory '/datahome/datasets/ericteam/zmzhang/Microbe_Seq/scLJA/build/CMakeFiles/CMakeTmp'
Building CXX object CMakeFiles/cmTC_ad095.dir/CMakeCXXCompilerABI.cpp.o
/home/comp/zmzhang/software/anaconda3/envs/sclja/bin/c++    -v -o CMakeFiles/cmTC_ad095.dir/CMakeCXXCompilerABI.cpp.o -c /home/comp/zmzhang/software/anaconda3/share/cmake-3.14/Modules/CMakeCXXCompilerABI.cpp
Reading specs from /home/comp/zmzhang/software/anaconda3/envs/sclja/bin/../lib/gcc/x86_64-conda-linux-gnu/14.2.0/specs
could not find specs file conda.specs
COLLECT_GCC=/home/comp/zmzhang/software/anaconda3/envs/sclja/bin/c++
Target: x86_64-conda-linux-gnu
Configured with: ../configure --prefix=/home/conda/feedstock_root/build_artifacts/gcc_compilers_1740238128824/_h_env_placehold_placehold_placehold_placehold_placehold_placehold_placehold_placehold_placehold_placehold_placehold_placehold_placehold_placehold_placehold_placehold_placehold_placeho --with-slibdir=/home/conda/feedstock_root/build_artifacts/gcc_compilers_1740238128824/_h_env_placehold_placehold_placehold_placehold_placehold_placehold_placehold_placehold_placehold_placehold_placehold_placehold_placehold_placehold_placehold_placehold_placehold_placeho/lib --libdir=/home/conda/feedstock_root/build_artifacts/gcc_compilers_1740238128824/_h_env_placehold_placehold_placehold_placehold_placehold_placehold_placehold_placehold_placehold_placehold_placehold_placehold_placehold_placehold_placehold_placehold_placehold_placeho/lib --mandir=/home/conda/feedstock_root/build_artifacts/gcc_compilers_1740238128824/_h_env_placehold_placehold_placehold_placehold_placehold_placehold_placehold_placehold_placehold_placehold_placehold_placehold_placehold_placehold_placehold_placehold_placehold_placeho/man --build=x86_64-conda-linux-gnu --host=x86_64-conda-linux-gnu --target=x86_64-conda-linux-gnu --enable-languages=c,c++,fortran,objc,obj-c++ --enable-__cxa_atexit --disable-libmudflap --enable-libgomp --disable-libssp --enable-libquadmath --enable-libquadmath-support --enable-lto --enable-target-optspace --enable-plugin --enable-gold --disable-nls --disable-bootstrap --disable-multilib --enable-long-long --with-sysroot=/home/conda/feedstock_root/build_artifacts/gcc_compilers_1740238128824/_h_env_placehold_placehold_placehold_placehold_placehold_placehold_placehold_placehold_placehold_placehold_placehold_placehold_placehold_placehold_placehold_placehold_placehold_placeho/x86_64-conda-linux-gnu/sysroot --with-build-sysroot=/home/conda/feedstock_root/build_artifacts/gcc_compilers_1740238128824/work/cf-compilers/x86_64-conda-linux-gnu/sysroot --with-native-system-header-dir=/usr/include --with-gxx-include-dir=/home/conda/feedstock_root/build_artifacts/gcc_compilers_1740238128824/_h_env_placehold_placehold_placehold_placehold_placehold_placehold_placehold_placehold_placehold_placehold_placehold_placehold_placehold_placehold_placehold_placehold_placehold_placeho/lib/gcc/x86_64-conda-linux-gnu/14.2.0/include/c++ --with-pkgversion='conda-forge gcc 14.2.0-2' --with-bugurl=https://github.com/conda-forge/ctng-compilers-feedstock/issues/new/choose --enable-libsanitizer --enable-default-pie --enable-threads=posix
Thread model: posix
Supported LTO compression algorithms: zlib
gcc version 14.2.0 (conda-forge gcc 14.2.0-2) 
COLLECT_GCC_OPTIONS='-v' '-o' 'CMakeFiles/cmTC_ad095.dir/CMakeCXXCompilerABI.cpp.o' '-c' '-shared-libgcc' '-mtune=generic' '-march=x86-64' '-dumpdir' 'CMakeFiles/cmTC_ad095.dir/'
 /home/comp/zmzhang/software/anaconda3/envs/sclja/bin/../libexec/gcc/x86_64-conda-linux-gnu/14.2.0/cc1plus -quiet -v -iprefix /home/comp/zmzhang/software/anaconda3/envs/sclja/bin/../lib/gcc/x86_64-conda-linux-gnu/14.2.0/ -isysroot /home/comp/zmzhang/software/anaconda3/envs/sclja/bin/../x86_64-conda-linux-gnu/sysroot -D_GNU_SOURCE /home/comp/zmzhang/software/anaconda3/share/cmake-3.14/Modules/CMakeCXXCompilerABI.cpp -quiet -dumpdir CMakeFiles/cmTC_ad095.dir/ -dumpbase CMakeCXXCompilerABI.cpp.cpp -dumpbase-ext .cpp -mtune=generic -march=x86-64 -version -o /tmp/ccAQiGFk.s
GNU C++17 (conda-forge gcc 14.2.0-2) version 14.2.0 (x86_64-conda-linux-gnu)
	compiled by GNU C version 14.2.0, GMP version 6.2.1, MPFR version 4.1.0, MPC version 1.2.1, isl version isl-0.24-GMP

GGC heuristics: --param ggc-min-expand=100 --param ggc-min-heapsize=131072
ignoring nonexistent directory "/home/comp/zmzhang/Synteny/edlib-1.2.7/edlib/include"
ignoring duplicate directory "/home/comp/zmzhang/software/deflate/include"
ignoring nonexistent directory "/home/comp/zmzhang/Synteny/edlib-1.2.7/edlib/include"
ignoring duplicate directory "/home/comp/zmzhang/software/expat-2.4.1_install/include"
ignoring duplicate directory "/home/comp/zmzhang/software/bzip2_install/include"
ignoring duplicate directory "/home/comp/zmzhang/software/openmpi-4.1.1_install/include"
ignoring duplicate directory "/home/comp/zmzhang/software/gsl-2.6_install/include"
ignoring duplicate directory "/home/comp/zmzhang/software/boost_1_73_0_install/include"
ignoring duplicate directory "/home/comp/zmzhang/software/sparsehash_install/include"
ignoring duplicate directory "/home/comp/zmzhang/software/zlib-1.2.11_install/include"
ignoring duplicate directory "/home/comp/zmzhang/software/arpack-ng-3.8.0_install/include"
ignoring duplicate directory "/home/comp/zmzhang/software/htslib_install/include"
ignoring duplicate directory "/home/comp/zmzhang/software/deflate/include"
ignoring nonexistent directory "/home/comp/zmzhang/software/anaconda3/envs/sclja/bin/../lib/gcc/x86_64-conda-linux-gnu/14.2.0/../../../../x86_64-conda-linux-gnu/include"
ignoring duplicate directory "/home/comp/zmzhang/software/anaconda3/envs/sclja/bin/../lib/gcc/../../lib/gcc/x86_64-conda-linux-gnu/14.2.0/include/c++"
ignoring duplicate directory "/home/comp/zmzhang/software/anaconda3/envs/sclja/bin/../lib/gcc/../../lib/gcc/x86_64-conda-linux-gnu/14.2.0/include/c++/x86_64-conda-linux-gnu"
ignoring duplicate directory "/home/comp/zmzhang/software/anaconda3/envs/sclja/bin/../lib/gcc/../../lib/gcc/x86_64-conda-linux-gnu/14.2.0/include/c++/backward"
ignoring duplicate directory "/home/comp/zmzhang/software/anaconda3/envs/sclja/bin/../lib/gcc/../../lib/gcc/x86_64-conda-linux-gnu/14.2.0/include"
ignoring nonexistent directory "/home/comp/zmzhang/software/anaconda3/envs/sclja/bin/../x86_64-conda-linux-gnu/sysroot/usr/local/include"
ignoring duplicate directory "/home/comp/zmzhang/software/anaconda3/envs/sclja/bin/../lib/gcc/../../lib/gcc/x86_64-conda-linux-gnu/14.2.0/include-fixed"
ignoring nonexistent directory "/home/comp/zmzhang/software/anaconda3/envs/sclja/bin/../lib/gcc/../../lib/gcc/x86_64-conda-linux-gnu/14.2.0/../../../../x86_64-conda-linux-gnu/include"
#include "..." search starts here:
#include <...> search starts here:
 /home/comp/zmzhang/software/expat-2.4.1_install/include
 /home/comp/zmzhang/software/bzip2_install/include
 /home/comp/zmzhang/software/openmpi-4.1.1_install/include
 /home/comp/zmzhang/software/gsl-2.6_install/include
 /home/comp/zmzhang/software/boost_1_73_0_install/include
 /home/comp/zmzhang/software/sparsehash_install/include
 /home/comp/zmzhang/software/zlib-1.2.11_install/include
 /home/comp/zmzhang/software/arpack-ng-3.8.0_install/include
 /home/comp/zmzhang/software/htslib_install/include
 /home/comp/zmzhang/software/deflate/include
 .
 /home/comp/zmzhang/software/anaconda3/envs/sclja/bin/../lib/gcc/x86_64-conda-linux-gnu/14.2.0/include/c++
 /home/comp/zmzhang/software/anaconda3/envs/sclja/bin/../lib/gcc/x86_64-conda-linux-gnu/14.2.0/include/c++/x86_64-conda-linux-gnu
 /home/comp/zmzhang/software/anaconda3/envs/sclja/bin/../lib/gcc/x86_64-conda-linux-gnu/14.2.0/include/c++/backward
 /home/comp/zmzhang/software/anaconda3/envs/sclja/bin/../lib/gcc/x86_64-conda-linux-gnu/14.2.0/include
 /home/comp/zmzhang/software/anaconda3/envs/sclja/bin/../lib/gcc/x86_64-conda-linux-gnu/14.2.0/include-fixed
 /home/comp/zmzhang/software/anaconda3/envs/sclja/bin/../x86_64-conda-linux-gnu/sysroot/usr/include
End of search list.
Compiler executable checksum: 471cb6a3a6e905902e47e89d6a5c33f7
COLLECT_GCC_OPTIONS='-v' '-o' 'CMakeFiles/cmTC_ad095.dir/CMakeCXXCompilerABI.cpp.o' '-c' '-shared-libgcc' '-mtune=generic' '-march=x86-64' '-dumpdir' 'CMakeFiles/cmTC_ad095.dir/'
 /home/comp/zmzhang/software/anaconda3/envs/sclja/bin/../lib/gcc/x86_64-conda-linux-gnu/14.2.0/../../../../x86_64-conda-linux-gnu/bin/as -v --64 -o CMakeFiles/cmTC_ad095.dir/CMakeCXXCompilerABI.cpp.o /tmp/ccAQiGFk.s
GNU assembler version 2.43 (x86_64-conda-linux-gnu) using BFD version (GNU Binutils) 2.43
COMPILER_PATH=/home/comp/zmzhang/software/anaconda3/envs/sclja/bin/../libexec/gcc/x86_64-conda-linux-gnu/14.2.0/:/home/comp/zmzhang/software/anaconda3/envs/sclja/bin/../libexec/gcc/:/home/comp/zmzhang/software/anaconda3/envs/sclja/bin/../lib/gcc/x86_64-conda-linux-gnu/14.2.0/../../../../x86_64-conda-linux-gnu/bin/
LIBRARY_PATH=/home/comp/zmzhang/software/anaconda3/envs/sclja/bin/../lib/gcc/x86_64-conda-linux-gnu/14.2.0/:/home/comp/zmzhang/software/anaconda3/envs/sclja/bin/../lib/gcc/:/home/comp/zmzhang/software/expat-2.4.1_install/lib/../lib/:/home/comp/zmzhang/software/lib/../lib/:/home/comp/zmzhang/software/bzip2_install/lib/../lib/:/home/comp/zmzhang/software/openmpi-4.1.1_install/lib/../lib/:/home/comp/zmzhang/software/gsl-2.6_install/lib/../lib/:/home/comp/zmzhang/software/boost_1_73_0_install/lib/../lib/:/home/comp/zmzhang/software/sparsehash_install/lib/../lib/:/home/comp/zmzhang/software/zlib-1.2.11_install/lib/../lib/:/home/comp/zmzhang/software/arpack-ng-3.8.0_install/lib/../lib/:/home/comp/zmzhang/software/htslib_install/lib/../lib/:/home/comp/zmzhang/software/deflate/lib/../lib/:/home/comp/zmzhang/software/expat-2.4.1_install/lib/../lib/:/home/comp/zmzhang/software/lib/../lib/:/home/comp/zmzhang/software/bzip2_install/lib/../lib/:/home/comp/zmzhang/software/openmpi-4.1.1_install/lib/../lib/:/home/comp/zmzhang/software/gsl-2.6_install/lib/../lib/:/home/comp/zmzhang/software/boost_1_73_0_install/lib/../lib/:/home/comp/zmzhang/software/sparsehash_install/lib/../lib/:/home/comp/zmzhang/software/zlib-1.2.11_install/lib/../lib/:/home/comp/zmzhang/software/arpack-ng-3.8.0_install/lib/../lib/:/home/comp/zmzhang/software/htslib_install/lib/../lib/:/home/comp/zmzhang/software/deflate/lib/../lib/:/home/comp/zmzhang/software/anaconda3/envs/sclja/bin/../lib/gcc/x86_64-conda-linux-gnu/14.2.0/../../../../x86_64-conda-linux-gnu/lib/../lib/:/home/comp/zmzhang/software/anaconda3/envs/sclja/bin/../lib/gcc/x86_64-conda-linux-gnu/14.2.0/../../../../lib/:/home/comp/zmzhang/software/anaconda3/envs/sclja/bin/../x86_64-conda-linux-gnu/sysroot/lib/../lib/:/home/comp/zmzhang/software/anaconda3/envs/sclja/bin/../x86_64-conda-linux-gnu/sysroot/usr/lib/../lib/:/home/comp/zmzhang/software/expat-2.4.1_install/lib/:/home/comp/zmzhang/software/lib/:/home/comp/zmzhang/software/bzip2_install/lib/:/home/comp/zmzhang/software/openmpi-4.1.1_install/lib/:/home/comp/zmzhang/software/gsl-2.6_install/lib/:/home/comp/zmzhang/software/boost_1_73_0_install/lib/:/home/comp/zmzhang/software/sparsehash_install/lib/:/home/comp/zmzhang/software/zlib-1.2.11_install/lib/:/home/comp/zmzhang/software/arpack-ng-3.8.0_install/lib/:/home/comp/zmzhang/software/htslib_install/lib/:/home/comp/zmzhang/software/deflate/lib/:/home/comp/zmzhang/software/expat-2.4.1_install/lib/:/home/comp/zmzhang/software/lib/:/home/comp/zmzhang/software/bzip2_install/lib/:/home/comp/zmzhang/software/openmpi-4.1.1_install/lib/:/home/comp/zmzhang/software/gsl-2.6_install/lib/:/home/comp/zmzhang/software/boost_1_73_0_install/lib/:/home/comp/zmzhang/software/sparsehash_install/lib/:/home/comp/zmzhang/software/zlib-1.2.11_install/lib/:/home/comp/zmzhang/software/arpack-ng-3.8.0_install/lib/:/home/comp/zmzhang/software/htslib_install/lib/:/home/comp/zmzhang/software/deflate/lib/:./:/home/comp/zmzhang/software/anaconda3/envs/sclja/bin/../lib/gcc/x86_64-conda-linux-gnu/14.2.0/../../../../x86_64-conda-linux-gnu/lib/:/home/comp/zmzhang/software/anaconda3/envs/sclja/bin/../lib/gcc/x86_64-conda-linux-gnu/14.2.0/../../../:/home/comp/zmzhang/software/anaconda3/envs/sclja/bin/../x86_64-conda-linux-gnu/sysroot/lib/:/home/comp/zmzhang/software/anaconda3/envs/sclja/bin/../x86_64-conda-linux-gnu/sysroot/usr/lib/
COLLECT_GCC_OPTIONS='-v' '-o' 'CMakeFiles/cmTC_ad095.dir/CMakeCXXCompilerABI.cpp.o' '-c' '-shared-libgcc' '-mtune=generic' '-march=x86-64' '-dumpdir' 'CMakeFiles/cmTC_ad095.dir/CMakeCXXCompilerABI.cpp.'
Linking CXX executable cmTC_ad095
/home/comp/zmzhang/software/anaconda3/bin/cmake -E cmake_link_script CMakeFiles/cmTC_ad095.dir/link.txt --verbose=1
/home/comp/zmzhang/software/anaconda3/envs/sclja/bin/c++      -v CMakeFiles/cmTC_ad095.dir/CMakeCXXCompilerABI.cpp.o  -o cmTC_ad095 
Reading specs from /home/comp/zmzhang/software/anaconda3/envs/sclja/bin/../lib/gcc/x86_64-conda-linux-gnu/14.2.0/specs
could not find specs file conda.specs
COLLECT_GCC=/home/comp/zmzhang/software/anaconda3/envs/sclja/bin/c++
COLLECT_LTO_WRAPPER=/home/comp/zmzhang/software/anaconda3/envs/sclja/bin/../libexec/gcc/x86_64-conda-linux-gnu/14.2.0/lto-wrapper
Target: x86_64-conda-linux-gnu
Configured with: ../configure --prefix=/home/conda/feedstock_root/build_artifacts/gcc_compilers_1740238128824/_h_env_placehold_placehold_placehold_placehold_placehold_placehold_placehold_placehold_placehold_placehold_placehold_placehold_placehold_placehold_placehold_placehold_placehold_placeho --with-slibdir=/home/conda/feedstock_root/build_artifacts/gcc_compilers_1740238128824/_h_env_placehold_placehold_placehold_placehold_placehold_placehold_placehold_placehold_placehold_placehold_placehold_placehold_placehold_placehold_placehold_placehold_placehold_placeho/lib --libdir=/home/conda/feedstock_root/build_artifacts/gcc_compilers_1740238128824/_h_env_placehold_placehold_placehold_placehold_placehold_placehold_placehold_placehold_placehold_placehold_placehold_placehold_placehold_placehold_placehold_placehold_placehold_placeho/lib --mandir=/home/conda/feedstock_root/build_artifacts/gcc_compilers_1740238128824/_h_env_placehold_placehold_placehold_placehold_placehold_placehold_placehold_placehold_placehold_placehold_placehold_placehold_placehold_placehold_placehold_placehold_placehold_placeho/man --build=x86_64-conda-linux-gnu --host=x86_64-conda-linux-gnu --target=x86_64-conda-linux-gnu --enable-languages=c,c++,fortran,objc,obj-c++ --enable-__cxa_atexit --disable-libmudflap --enable-libgomp --disable-libssp --enable-libquadmath --enable-libquadmath-support --enable-lto --enable-target-optspace --enable-plugin --enable-gold --disable-nls --disable-bootstrap --disable-multilib --enable-long-long --with-sysroot=/home/conda/feedstock_root/build_artifacts/gcc_compilers_1740238128824/_h_env_placehold_placehold_placehold_placehold_placehold_placehold_placehold_placehold_placehold_placehold_placehold_placehold_placehold_placehold_placehold_placehold_placehold_placeho/x86_64-conda-linux-gnu/sysroot --with-build-sysroot=/home/conda/feedstock_root/build_artifacts/gcc_compilers_1740238128824/work/cf-compilers/x86_64-conda-linux-gnu/sysroot --with-native-system-header-dir=/usr/include --with-gxx-include-dir=/home/conda/feedstock_root/build_artifacts/gcc_compilers_1740238128824/_h_env_placehold_placehold_placehold_placehold_placehold_placehold_placehold_placehold_placehold_placehold_placehold_placehold_placehold_placehold_placehold_placehold_placehold_placeho/lib/gcc/x86_64-conda-linux-gnu/14.2.0/include/c++ --with-pkgversion='conda-forge gcc 14.2.0-2' --with-bugurl=https://github.com/conda-forge/ctng-compilers-feedstock/issues/new/choose --enable-libsanitizer --enable-default-pie --enable-threads=posix
Thread model: posix
Supported LTO compression algorithms: zlib
gcc version 14.2.0 (conda-forge gcc 14.2.0-2) 
COMPILER_PATH=/home/comp/zmzhang/software/anaconda3/envs/sclja/bin/../libexec/gcc/x86_64-conda-linux-gnu/14.2.0/:/home/comp/zmzhang/software/anaconda3/envs/sclja/bin/../libexec/gcc/:/home/comp/zmzhang/software/anaconda3/envs/sclja/bin/../lib/gcc/x86_64-conda-linux-gnu/14.2.0/../../../../x86_64-conda-linux-gnu/bin/
LIBRARY_PATH=/home/comp/zmzhang/software/anaconda3/envs/sclja/bin/../lib/gcc/x86_64-conda-linux-gnu/14.2.0/:/home/comp/zmzhang/software/anaconda3/envs/sclja/bin/../lib/gcc/:/home/comp/zmzhang/software/expat-2.4.1_install/lib/../lib/:/home/comp/zmzhang/software/lib/../lib/:/home/comp/zmzhang/software/bzip2_install/lib/../lib/:/home/comp/zmzhang/software/openmpi-4.1.1_install/lib/../lib/:/home/comp/zmzhang/software/gsl-2.6_install/lib/../lib/:/home/comp/zmzhang/software/boost_1_73_0_install/lib/../lib/:/home/comp/zmzhang/software/sparsehash_install/lib/../lib/:/home/comp/zmzhang/software/zlib-1.2.11_install/lib/../lib/:/home/comp/zmzhang/software/arpack-ng-3.8.0_install/lib/../lib/:/home/comp/zmzhang/software/htslib_install/lib/../lib/:/home/comp/zmzhang/software/deflate/lib/../lib/:/home/comp/zmzhang/software/expat-2.4.1_install/lib/../lib/:/home/comp/zmzhang/software/lib/../lib/:/home/comp/zmzhang/software/bzip2_install/lib/../lib/:/home/comp/zmzhang/software/openmpi-4.1.1_install/lib/../lib/:/home/comp/zmzhang/software/gsl-2.6_install/lib/../lib/:/home/comp/zmzhang/software/boost_1_73_0_install/lib/../lib/:/home/comp/zmzhang/software/sparsehash_install/lib/../lib/:/home/comp/zmzhang/software/zlib-1.2.11_install/lib/../lib/:/home/comp/zmzhang/software/arpack-ng-3.8.0_install/lib/../lib/:/home/comp/zmzhang/software/htslib_install/lib/../lib/:/home/comp/zmzhang/software/deflate/lib/../lib/:/home/comp/zmzhang/software/anaconda3/envs/sclja/bin/../lib/gcc/x86_64-conda-linux-gnu/14.2.0/../../../../x86_64-conda-linux-gnu/lib/../lib/:/home/comp/zmzhang/software/anaconda3/envs/sclja/bin/../lib/gcc/x86_64-conda-linux-gnu/14.2.0/../../../../lib/:/home/comp/zmzhang/software/anaconda3/envs/sclja/bin/../x86_64-conda-linux-gnu/sysroot/lib/../lib/:/home/comp/zmzhang/software/anaconda3/envs/sclja/bin/../x86_64-conda-linux-gnu/sysroot/usr/lib/../lib/:/home/comp/zmzhang/software/expat-2.4.1_install/lib/:/home/comp/zmzhang/software/lib/:/home/comp/zmzhang/software/bzip2_install/lib/:/home/comp/zmzhang/software/openmpi-4.1.1_install/lib/:/home/comp/zmzhang/software/gsl-2.6_install/lib/:/home/comp/zmzhang/software/boost_1_73_0_install/lib/:/home/comp/zmzhang/software/sparsehash_install/lib/:/home/comp/zmzhang/software/zlib-1.2.11_install/lib/:/home/comp/zmzhang/software/arpack-ng-3.8.0_install/lib/:/home/comp/zmzhang/software/htslib_install/lib/:/home/comp/zmzhang/software/deflate/lib/:/home/comp/zmzhang/software/expat-2.4.1_install/lib/:/home/comp/zmzhang/software/lib/:/home/comp/zmzhang/software/bzip2_install/lib/:/home/comp/zmzhang/software/openmpi-4.1.1_install/lib/:/home/comp/zmzhang/software/gsl-2.6_install/lib/:/home/comp/zmzhang/software/boost_1_73_0_install/lib/:/home/comp/zmzhang/software/sparsehash_install/lib/:/home/comp/zmzhang/software/zlib-1.2.11_install/lib/:/home/comp/zmzhang/software/arpack-ng-3.8.0_install/lib/:/home/comp/zmzhang/software/htslib_install/lib/:/home/comp/zmzhang/software/deflate/lib/:./:/home/comp/zmzhang/software/anaconda3/envs/sclja/bin/../lib/gcc/x86_64-conda-linux-gnu/14.2.0/../../../../x86_64-conda-linux-gnu/lib/:/home/comp/zmzhang/software/anaconda3/envs/sclja/bin/../lib/gcc/x86_64-conda-linux-gnu/14.2.0/../../../:/home/comp/zmzhang/software/anaconda3/envs/sclja/bin/../x86_64-conda-linux-gnu/sysroot/lib/:/home/comp/zmzhang/software/anaconda3/envs/sclja/bin/../x86_64-conda-linux-gnu/sysroot/usr/lib/
COLLECT_GCC_OPTIONS='-v' '-o' 'cmTC_ad095' '-shared-libgcc' '-mtune=generic' '-march=x86-64' '-dumpdir' 'cmTC_ad095.'
 /home/comp/zmzhang/software/anaconda3/envs/sclja/bin/../libexec/gcc/x86_64-conda-linux-gnu/14.2.0/collect2 -plugin /home/comp/zmzhang/software/anaconda3/envs/sclja/bin/../libexec/gcc/x86_64-conda-linux-gnu/14.2.0/liblto_plugin.so -plugin-opt=/home/comp/zmzhang/software/anaconda3/envs/sclja/bin/../libexec/gcc/x86_64-conda-linux-gnu/14.2.0/lto-wrapper -plugin-opt=-fresolution=/tmp/ccajQFBi.res -plugin-opt=-pass-through=-lgcc_s -plugin-opt=-pass-through=-lgcc -plugin-opt=-pass-through=-lc -plugin-opt=-pass-through=-lgcc_s -plugin-opt=-pass-through=-lgcc --sysroot=/home/comp/zmzhang/software/anaconda3/envs/sclja/bin/../x86_64-conda-linux-gnu/sysroot --eh-frame-hdr -m elf_x86_64 -dynamic-linker /lib64/ld-linux-x86-64.so.2 -pie -o cmTC_ad095 /home/comp/zmzhang/software/anaconda3/envs/sclja/bin/../x86_64-conda-linux-gnu/sysroot/usr/lib/../lib/Scrt1.o /home/comp/zmzhang/software/anaconda3/envs/sclja/bin/../x86_64-conda-linux-gnu/sysroot/usr/lib/../lib/crti.o /home/comp/zmzhang/software/anaconda3/envs/sclja/bin/../lib/gcc/x86_64-conda-linux-gnu/14.2.0/crtbeginS.o -L/home/comp/zmzhang/software/anaconda3/envs/sclja/bin/../lib/gcc/x86_64-conda-linux-gnu/14.2.0 -L/home/comp/zmzhang/software/anaconda3/envs/sclja/bin/../lib/gcc -L/home/comp/zmzhang/software/expat-2.4.1_install/lib/../lib -L/home/comp/zmzhang/software/lib/../lib -L/home/comp/zmzhang/software/bzip2_install/lib/../lib -L/home/comp/zmzhang/software/openmpi-4.1.1_install/lib/../lib -L/home/comp/zmzhang/software/gsl-2.6_install/lib/../lib -L/home/comp/zmzhang/software/boost_1_73_0_install/lib/../lib -L/home/comp/zmzhang/software/sparsehash_install/lib/../lib -L/home/comp/zmzhang/software/zlib-1.2.11_install/lib/../lib -L/home/comp/zmzhang/software/arpack-ng-3.8.0_install/lib/../lib -L/home/comp/zmzhang/software/htslib_install/lib/../lib -L/home/comp/zmzhang/software/deflate/lib/../lib -L/home/comp/zmzhang/software/expat-2.4.1_install/lib/../lib -L/home/comp/zmzhang/software/lib/../lib -L/home/comp/zmzhang/software/bzip2_install/lib/../lib -L/home/comp/zmzhang/software/openmpi-4.1.1_install/lib/../lib -L/home/comp/zmzhang/software/gsl-2.6_install/lib/../lib -L/home/comp/zmzhang/software/boost_1_73_0_install/lib/../lib -L/home/comp/zmzhang/software/sparsehash_install/lib/../lib -L/home/comp/zmzhang/software/zlib-1.2.11_install/lib/../lib -L/home/comp/zmzhang/software/arpack-ng-3.8.0_install/lib/../lib -L/home/comp/zmzhang/software/htslib_install/lib/../lib -L/home/comp/zmzhang/software/deflate/lib/../lib -L/home/comp/zmzhang/software/anaconda3/envs/sclja/bin/../lib/gcc/x86_64-conda-linux-gnu/14.2.0/../../../../x86_64-conda-linux-gnu/lib/../lib -L/home/comp/zmzhang/software/anaconda3/envs/sclja/bin/../lib/gcc/x86_64-conda-linux-gnu/14.2.0/../../../../lib -L/home/comp/zmzhang/software/anaconda3/envs/sclja/bin/../x86_64-conda-linux-gnu/sysroot/lib/../lib -L/home/comp/zmzhang/software/anaconda3/envs/sclja/bin/../x86_64-conda-linux-gnu/sysroot/usr/lib/../lib -L/home/comp/zmzhang/software/expat-2.4.1_install/lib -L/home/comp/zmzhang/software/lib -L/home/comp/zmzhang/software/bzip2_install/lib -L/home/comp/zmzhang/software/openmpi-4.1.1_install/lib -L/home/comp/zmzhang/software/gsl-2.6_install/lib -L/home/comp/zmzhang/software/boost_1_73_0_install/lib -L/home/comp/zmzhang/software/sparsehash_install/lib -L/home/comp/zmzhang/software/zlib-1.2.11_install/lib -L/home/comp/zmzhang/software/arpack-ng-3.8.0_install/lib -L/home/comp/zmzhang/software/htslib_install/lib -L/home/comp/zmzhang/software/deflate/lib -L/home/comp/zmzhang/software/expat-2.4.1_install/lib -L/home/comp/zmzhang/software/lib -L/home/comp/zmzhang/software/bzip2_install/lib -L/home/comp/zmzhang/software/openmpi-4.1.1_install/lib -L/home/comp/zmzhang/software/gsl-2.6_install/lib -L/home/comp/zmzhang/software/boost_1_73_0_install/lib -L/home/comp/zmzhang/software/sparsehash_install/lib -L/home/comp/zmzhang/software/zlib-1.2.11_install/lib -L/home/comp/zmzhang/software/arpack-ng-3.8.0_install/lib -L/home/comp/zmzhang/software/htslib_install/lib -L/home/comp/zmzhang/software/deflate/lib -L. -L/home/comp/zmzhang/software/anaconda3/envs/sclja/bin/../lib/gcc/x86_64-conda-linux-gnu/14.2.0/../../../../x86_64-conda-linux-gnu/lib -L/home/comp/zmzhang/software/anaconda3/envs/sclja/bin/../lib/gcc/x86_64-conda-linux-gnu/14.2.0/../../.. -L/home/comp/zmzhang/software/anaconda3/envs/sclja/bin/../x86_64-conda-linux-gnu/sysroot/lib -L/home/comp/zmzhang/software/anaconda3/envs/sclja/bin/../x86_64-conda-linux-gnu/sysroot/usr/lib CMakeFiles/cmTC_ad095.dir/CMakeCXXCompilerABI.cpp.o -lstdc++ -lm -lgcc_s -lgcc -lc -lgcc_s -lgcc /home/comp/zmzhang/software/anaconda3/envs/sclja/bin/../lib/gcc/x86_64-conda-linux-gnu/14.2.0/crtendS.o /home/comp/zmzhang/software/anaconda3/envs/sclja/bin/../x86_64-conda-linux-gnu/sysroot/usr/lib/../lib/crtn.o -rpath /home/comp/zmzhang/software/anaconda3/envs/sclja/lib
COLLECT_GCC_OPTIONS='-v' '-o' 'cmTC_ad095' '-shared-libgcc' '-mtune=generic' '-march=x86-64' '-dumpdir' 'cmTC_ad095.'
gmake[1]: Leaving directory '/datahome/datasets/ericteam/zmzhang/Microbe_Seq/scLJA/build/CMakeFiles/CMakeTmp'


Parsed CXX implicit include dir info from above output: rv=done
  found start of include info
  found start of implicit include info
    add: [/home/comp/zmzhang/software/expat-2.4.1_install/include]
    add: [/home/comp/zmzhang/software/bzip2_install/include]
    add: [/home/comp/zmzhang/software/openmpi-4.1.1_install/include]
    add: [/home/comp/zmzhang/software/gsl-2.6_install/include]
    add: [/home/comp/zmzhang/software/boost_1_73_0_install/include]
    add: [/home/comp/zmzhang/software/sparsehash_install/include]
    add: [/home/comp/zmzhang/software/zlib-1.2.11_install/include]
    add: [/home/comp/zmzhang/software/arpack-ng-3.8.0_install/include]
    add: [/home/comp/zmzhang/software/htslib_install/include]
    add: [/home/comp/zmzhang/software/deflate/include]
    add: [.]
    add: [/home/comp/zmzhang/software/anaconda3/envs/sclja/bin/../lib/gcc/x86_64-conda-linux-gnu/14.2.0/include/c++]
    add: [/home/comp/zmzhang/software/anaconda3/envs/sclja/bin/../lib/gcc/x86_64-conda-linux-gnu/14.2.0/include/c++/x86_64-conda-linux-gnu]
    add: [/home/comp/zmzhang/software/anaconda3/envs/sclja/bin/../lib/gcc/x86_64-conda-linux-gnu/14.2.0/include/c++/backward]
    add: [/home/comp/zmzhang/software/anaconda3/envs/sclja/bin/../lib/gcc/x86_64-conda-linux-gnu/14.2.0/include]
    add: [/home/comp/zmzhang/software/anaconda3/envs/sclja/bin/../lib/gcc/x86_64-conda-linux-gnu/14.2.0/include-fixed]
    add: [/home/comp/zmzhang/software/anaconda3/envs/sclja/bin/../x86_64-conda-linux-gnu/sysroot/usr/include]
  end of search list found
  implicit include dirs: [/home/comp/zmzhang/software/expat-2.4.1_install/include;/home/comp/zmzhang/software/bzip2_install/include;/home/comp/zmzhang/software/openmpi-4.1.1_install/include;/home/comp/zmzhang/software/gsl-2.6_install/include;/home/comp/zmzhang/software/boost_1_73_0_install/include;/home/comp/zmzhang/software/sparsehash_install/include;/home/comp/zmzhang/software/zlib-1.2.11_install/include;/home/comp/zmzhang/software/arpack-ng-3.8.0_install/include;/home/comp/zmzhang/software/htslib_install/include;/home/comp/zmzhang/software/deflate/include;.;/home/comp/zmzhang/software/anaconda3/envs/sclja/bin/../lib/gcc/x86_64-conda-linux-gnu/14.2.0/include/c++;/home/comp/zmzhang/software/anaconda3/envs/sclja/bin/../lib/gcc/x86_64-conda-linux-gnu/14.2.0/include/c++/x86_64-conda-linux-gnu;/home/comp/zmzhang/software/anaconda3/envs/sclja/bin/../lib/gcc/x86_64-conda-linux-gnu/14.2.0/include/c++/backward;/home/comp/zmzhang/software/anaconda3/envs/sclja/bin/../lib/gcc/x86_64-conda-linux-gnu/14.2.0/include;/home/comp/zmzhang/software/anaconda3/envs/sclja/bin/../lib/gcc/x86_64-conda-linux-gnu/14.2.0/include-fixed;/home/comp/zmzhang/software/anaconda3/envs/sclja/bin/../x86_64-conda-linux-gnu/sysroot/usr/include]


Parsed CXX implicit link information from above output:
  link line regex: [^( *|.*[/\])(ld|CMAKE_LINK_STARTFILE-NOTFOUND|([^/\]+-)?ld|collect2)[^/\]*( |$)]
  ignore line: [Change Dir: /datahome/datasets/ericteam/zmzhang/Microbe_Seq/scLJA/build/CMakeFiles/CMakeTmp]
  ignore line: []
  ignore line: [Run Build Command(s):/usr/bin/gmake cmTC_ad095/fast ]
  ignore line: [/usr/bin/gmake -f CMakeFiles/cmTC_ad095.dir/build.make CMakeFiles/cmTC_ad095.dir/build]
  ignore line: [gmake[1]: Entering directory '/datahome/datasets/ericteam/zmzhang/Microbe_Seq/scLJA/build/CMakeFiles/CMakeTmp']
  ignore line: [Building CXX object CMakeFiles/cmTC_ad095.dir/CMakeCXXCompilerABI.cpp.o]
  ignore line: [/home/comp/zmzhang/software/anaconda3/envs/sclja/bin/c++    -v -o CMakeFiles/cmTC_ad095.dir/CMakeCXXCompilerABI.cpp.o -c /home/comp/zmzhang/software/anaconda3/share/cmake-3.14/Modules/CMakeCXXCompilerABI.cpp]
  ignore line: [Reading specs from /home/comp/zmzhang/software/anaconda3/envs/sclja/bin/../lib/gcc/x86_64-conda-linux-gnu/14.2.0/specs]
  ignore line: [could not find specs file conda.specs]
  ignore line: [COLLECT_GCC=/home/comp/zmzhang/software/anaconda3/envs/sclja/bin/c++]
  ignore line: [Target: x86_64-conda-linux-gnu]
  ignore line: [Configured with: ../configure --prefix=/home/conda/feedstock_root/build_artifacts/gcc_compilers_1740238128824/_h_env_placehold_placehold_placehold_placehold_placehold_placehold_placehold_placehold_placehold_placehold_placehold_placehold_placehold_placehold_placehold_placehold_placehold_placeho --with-slibdir=/home/conda/feedstock_root/build_artifacts/gcc_compilers_1740238128824/_h_env_placehold_placehold_placehold_placehold_placehold_placehold_placehold_placehold_placehold_placehold_placehold_placehold_placehold_placehold_placehold_placehold_placehold_placeho/lib --libdir=/home/conda/feedstock_root/build_artifacts/gcc_compilers_1740238128824/_h_env_placehold_placehold_placehold_placehold_placehold_placehold_placehold_placehold_placehold_placehold_placehold_placehold_placehold_placehold_placehold_placehold_placehold_placeho/lib --mandir=/home/conda/feedstock_root/build_artifacts/gcc_compilers_1740238128824/_h_env_placehold_placehold_placehold_placehold_placehold_placehold_placehold_placehold_placehold_placehold_placehold_placehold_placehold_placehold_placehold_placehold_placehold_placeho/man --build=x86_64-conda-linux-gnu --host=x86_64-conda-linux-gnu --target=x86_64-conda-linux-gnu --enable-languages=c,c++,fortran,objc,obj-c++ --enable-__cxa_atexit --disable-libmudflap --enable-libgomp --disable-libssp --enable-libquadmath --enable-libquadmath-support --enable-lto --enable-target-optspace --enable-plugin --enable-gold --disable-nls --disable-bootstrap --disable-multilib --enable-long-long --with-sysroot=/home/conda/feedstock_root/build_artifacts/gcc_compilers_1740238128824/_h_env_placehold_placehold_placehold_placehold_placehold_placehold_placehold_placehold_placehold_placehold_placehold_placehold_placehold_placehold_placehold_placehold_placehold_placeho/x86_64-conda-linux-gnu/sysroot --with-build-sysroot=/home/conda/feedstock_root/build_artifacts/gcc_compilers_1740238128824/work/cf-compilers/x86_64-conda-linux-gnu/sysroot --with-native-system-header-dir=/usr/include --with-gxx-include-dir=/home/conda/feedstock_root/build_artifacts/gcc_compilers_1740238128824/_h_env_placehold_placehold_placehold_placehold_placehold_placehold_placehold_placehold_placehold_placehold_placehold_placehold_placehold_placehold_placehold_placehold_placehold_placeho/lib/gcc/x86_64-conda-linux-gnu/14.2.0/include/c++ --with-pkgversion='conda-forge gcc 14.2.0-2' --with-bugurl=https://github.com/conda-forge/ctng-compilers-feedstock/issues/new/choose --enable-libsanitizer --enable-default-pie --enable-threads=posix]
  ignore line: [Thread model: posix]
  ignore line: [Supported LTO compression algorithms: zlib]
  ignore line: [gcc version 14.2.0 (conda-forge gcc 14.2.0-2) ]
  ignore line: [COLLECT_GCC_OPTIONS='-v' '-o' 'CMakeFiles/cmTC_ad095.dir/CMakeCXXCompilerABI.cpp.o' '-c' '-shared-libgcc' '-mtune=generic' '-march=x86-64' '-dumpdir' 'CMakeFiles/cmTC_ad095.dir/']
  ignore line: [ /home/comp/zmzhang/software/anaconda3/envs/sclja/bin/../libexec/gcc/x86_64-conda-linux-gnu/14.2.0/cc1plus -quiet -v -iprefix /home/comp/zmzhang/software/anaconda3/envs/sclja/bin/../lib/gcc/x86_64-conda-linux-gnu/14.2.0/ -isysroot /home/comp/zmzhang/software/anaconda3/envs/sclja/bin/../x86_64-conda-linux-gnu/sysroot -D_GNU_SOURCE /home/comp/zmzhang/software/anaconda3/share/cmake-3.14/Modules/CMakeCXXCompilerABI.cpp -quiet -dumpdir CMakeFiles/cmTC_ad095.dir/ -dumpbase CMakeCXXCompilerABI.cpp.cpp -dumpbase-ext .cpp -mtune=generic -march=x86-64 -version -o /tmp/ccAQiGFk.s]
  ignore line: [GNU C++17 (conda-forge gcc 14.2.0-2) version 14.2.0 (x86_64-conda-linux-gnu)]
  ignore line: [	compiled by GNU C version 14.2.0, GMP version 6.2.1, MPFR version 4.1.0, MPC version 1.2.1, isl version isl-0.24-GMP]
  ignore line: []
  ignore line: [GGC heuristics: --param ggc-min-expand=100 --param ggc-min-heapsize=131072]
  ignore line: [ignoring nonexistent directory "/home/comp/zmzhang/Synteny/edlib-1.2.7/edlib/include"]
  ignore line: [ignoring duplicate directory "/home/comp/zmzhang/software/deflate/include"]
  ignore line: [ignoring nonexistent directory "/home/comp/zmzhang/Synteny/edlib-1.2.7/edlib/include"]
  ignore line: [ignoring duplicate directory "/home/comp/zmzhang/software/expat-2.4.1_install/include"]
  ignore line: [ignoring duplicate directory "/home/comp/zmzhang/software/bzip2_install/include"]
  ignore line: [ignoring duplicate directory "/home/comp/zmzhang/software/openmpi-4.1.1_install/include"]
  ignore line: [ignoring duplicate directory "/home/comp/zmzhang/software/gsl-2.6_install/include"]
  ignore line: [ignoring duplicate directory "/home/comp/zmzhang/software/boost_1_73_0_install/include"]
  ignore line: [ignoring duplicate directory "/home/comp/zmzhang/software/sparsehash_install/include"]
  ignore line: [ignoring duplicate directory "/home/comp/zmzhang/software/zlib-1.2.11_install/include"]
  ignore line: [ignoring duplicate directory "/home/comp/zmzhang/software/arpack-ng-3.8.0_install/include"]
  ignore line: [ignoring duplicate directory "/home/comp/zmzhang/software/htslib_install/include"]
  ignore line: [ignoring duplicate directory "/home/comp/zmzhang/software/deflate/include"]
  ignore line: [ignoring nonexistent directory "/home/comp/zmzhang/software/anaconda3/envs/sclja/bin/../lib/gcc/x86_64-conda-linux-gnu/14.2.0/../../../../x86_64-conda-linux-gnu/include"]
  ignore line: [ignoring duplicate directory "/home/comp/zmzhang/software/anaconda3/envs/sclja/bin/../lib/gcc/../../lib/gcc/x86_64-conda-linux-gnu/14.2.0/include/c++"]
  ignore line: [ignoring duplicate directory "/home/comp/zmzhang/software/anaconda3/envs/sclja/bin/../lib/gcc/../../lib/gcc/x86_64-conda-linux-gnu/14.2.0/include/c++/x86_64-conda-linux-gnu"]
  ignore line: [ignoring duplicate directory "/home/comp/zmzhang/software/anaconda3/envs/sclja/bin/../lib/gcc/../../lib/gcc/x86_64-conda-linux-gnu/14.2.0/include/c++/backward"]
  ignore line: [ignoring duplicate directory "/home/comp/zmzhang/software/anaconda3/envs/sclja/bin/../lib/gcc/../../lib/gcc/x86_64-conda-linux-gnu/14.2.0/include"]
  ignore line: [ignoring nonexistent directory "/home/comp/zmzhang/software/anaconda3/envs/sclja/bin/../x86_64-conda-linux-gnu/sysroot/usr/local/include"]
  ignore line: [ignoring duplicate directory "/home/comp/zmzhang/software/anaconda3/envs/sclja/bin/../lib/gcc/../../lib/gcc/x86_64-conda-linux-gnu/14.2.0/include-fixed"]
  ignore line: [ignoring nonexistent directory "/home/comp/zmzhang/software/anaconda3/envs/sclja/bin/../lib/gcc/../../lib/gcc/x86_64-conda-linux-gnu/14.2.0/../../../../x86_64-conda-linux-gnu/include"]
  ignore line: [#include "..." search starts here:]
  ignore line: [#include <...> search starts here:]
  ignore line: [ /home/comp/zmzhang/software/expat-2.4.1_install/include]
  ignore line: [ /home/comp/zmzhang/software/bzip2_install/include]
  ignore line: [ /home/comp/zmzhang/software/openmpi-4.1.1_install/include]
  ignore line: [ /home/comp/zmzhang/software/gsl-2.6_install/include]
  ignore line: [ /home/comp/zmzhang/software/boost_1_73_0_install/include]
  ignore line: [ /home/comp/zmzhang/software/sparsehash_install/include]
  ignore line: [ /home/comp/zmzhang/software/zlib-1.2.11_install/include]
  ignore line: [ /home/comp/zmzhang/software/arpack-ng-3.8.0_install/include]
  ignore line: [ /home/comp/zmzhang/software/htslib_install/include]
  ignore line: [ /home/comp/zmzhang/software/deflate/include]
  ignore line: [ .]
  ignore line: [ /home/comp/zmzhang/software/anaconda3/envs/sclja/bin/../lib/gcc/x86_64-conda-linux-gnu/14.2.0/include/c++]
  ignore line: [ /home/comp/zmzhang/software/anaconda3/envs/sclja/bin/../lib/gcc/x86_64-conda-linux-gnu/14.2.0/include/c++/x86_64-conda-linux-gnu]
  ignore line: [ /home/comp/zmzhang/software/anaconda3/envs/sclja/bin/../lib/gcc/x86_64-conda-linux-gnu/14.2.0/include/c++/backward]
  ignore line: [ /home/comp/zmzhang/software/anaconda3/envs/sclja/bin/../lib/gcc/x86_64-conda-linux-gnu/14.2.0/include]
  ignore line: [ /home/comp/zmzhang/software/anaconda3/envs/sclja/bin/../lib/gcc/x86_64-conda-linux-gnu/14.2.0/include-fixed]
  ignore line: [ /home/comp/zmzhang/software/anaconda3/envs/sclja/bin/../x86_64-conda-linux-gnu/sysroot/usr/include]
  ignore line: [End of search list.]
  ignore line: [Compiler executable checksum: 471cb6a3a6e905902e47e89d6a5c33f7]
  ignore line: [COLLECT_GCC_OPTIONS='-v' '-o' 'CMakeFiles/cmTC_ad095.dir/CMakeCXXCompilerABI.cpp.o' '-c' '-shared-libgcc' '-mtune=generic' '-march=x86-64' '-dumpdir' 'CMakeFiles/cmTC_ad095.dir/']
  ignore line: [ /home/comp/zmzhang/software/anaconda3/envs/sclja/bin/../lib/gcc/x86_64-conda-linux-gnu/14.2.0/../../../../x86_64-conda-linux-gnu/bin/as -v --64 -o CMakeFiles/cmTC_ad095.dir/CMakeCXXCompilerABI.cpp.o /tmp/ccAQiGFk.s]
  ignore line: [GNU assembler version 2.43 (x86_64-conda-linux-gnu) using BFD version (GNU Binutils) 2.43]
  ignore line: [COMPILER_PATH=/home/comp/zmzhang/software/anaconda3/envs/sclja/bin/../libexec/gcc/x86_64-conda-linux-gnu/14.2.0/:/home/comp/zmzhang/software/anaconda3/envs/sclja/bin/../libexec/gcc/:/home/comp/zmzhang/software/anaconda3/envs/sclja/bin/../lib/gcc/x86_64-conda-linux-gnu/14.2.0/../../../../x86_64-conda-linux-gnu/bin/]
  ignore line: [LIBRARY_PATH=/home/comp/zmzhang/software/anaconda3/envs/sclja/bin/../lib/gcc/x86_64-conda-linux-gnu/14.2.0/:/home/comp/zmzhang/software/anaconda3/envs/sclja/bin/../lib/gcc/:/home/comp/zmzhang/software/expat-2.4.1_install/lib/../lib/:/home/comp/zmzhang/software/lib/../lib/:/home/comp/zmzhang/software/bzip2_install/lib/../lib/:/home/comp/zmzhang/software/openmpi-4.1.1_install/lib/../lib/:/home/comp/zmzhang/software/gsl-2.6_install/lib/../lib/:/home/comp/zmzhang/software/boost_1_73_0_install/lib/../lib/:/home/comp/zmzhang/software/sparsehash_install/lib/../lib/:/home/comp/zmzhang/software/zlib-1.2.11_install/lib/../lib/:/home/comp/zmzhang/software/arpack-ng-3.8.0_install/lib/../lib/:/home/comp/zmzhang/software/htslib_install/lib/../lib/:/home/comp/zmzhang/software/deflate/lib/../lib/:/home/comp/zmzhang/software/expat-2.4.1_install/lib/../lib/:/home/comp/zmzhang/software/lib/../lib/:/home/comp/zmzhang/software/bzip2_install/lib/../lib/:/home/comp/zmzhang/software/openmpi-4.1.1_install/lib/../lib/:/home/comp/zmzhang/software/gsl-2.6_install/lib/../lib/:/home/comp/zmzhang/software/boost_1_73_0_install/lib/../lib/:/home/comp/zmzhang/software/sparsehash_install/lib/../lib/:/home/comp/zmzhang/software/zlib-1.2.11_install/lib/../lib/:/home/comp/zmzhang/software/arpack-ng-3.8.0_install/lib/../lib/:/home/comp/zmzhang/software/htslib_install/lib/../lib/:/home/comp/zmzhang/software/deflate/lib/../lib/:/home/comp/zmzhang/software/anaconda3/envs/sclja/bin/../lib/gcc/x86_64-conda-linux-gnu/14.2.0/../../../../x86_64-conda-linux-gnu/lib/../lib/:/home/comp/zmzhang/software/anaconda3/envs/sclja/bin/../lib/gcc/x86_64-conda-linux-gnu/14.2.0/../../../../lib/:/home/comp/zmzhang/software/anaconda3/envs/sclja/bin/../x86_64-conda-linux-gnu/sysroot/lib/../lib/:/home/comp/zmzhang/software/anaconda3/envs/sclja/bin/../x86_64-conda-linux-gnu/sysroot/usr/lib/../lib/:/home/comp/zmzhang/software/expat-2.4.1_install/lib/:/home/comp/zmzhang/software/lib/:/home/comp/zmzhang/software/bzip2_install/lib/:/home/comp/zmzhang/software/openmpi-4.1.1_install/lib/:/home/comp/zmzhang/software/gsl-2.6_install/lib/:/home/comp/zmzhang/software/boost_1_73_0_install/lib/:/home/comp/zmzhang/software/sparsehash_install/lib/:/home/comp/zmzhang/software/zlib-1.2.11_install/lib/:/home/comp/zmzhang/software/arpack-ng-3.8.0_install/lib/:/home/comp/zmzhang/software/htslib_install/lib/:/home/comp/zmzhang/software/deflate/lib/:/home/comp/zmzhang/software/expat-2.4.1_install/lib/:/home/comp/zmzhang/software/lib/:/home/comp/zmzhang/software/bzip2_install/lib/:/home/comp/zmzhang/software/openmpi-4.1.1_install/lib/:/home/comp/zmzhang/software/gsl-2.6_install/lib/:/home/comp/zmzhang/software/boost_1_73_0_install/lib/:/home/comp/zmzhang/software/sparsehash_install/lib/:/home/comp/zmzhang/software/zlib-1.2.11_install/lib/:/home/comp/zmzhang/software/arpack-ng-3.8.0_install/lib/:/home/comp/zmzhang/software/htslib_install/lib/:/home/comp/zmzhang/software/deflate/lib/:./:/home/comp/zmzhang/software/anaconda3/envs/sclja/bin/../lib/gcc/x86_64-conda-linux-gnu/14.2.0/../../../../x86_64-conda-linux-gnu/lib/:/home/comp/zmzhang/software/anaconda3/envs/sclja/bin/../lib/gcc/x86_64-conda-linux-gnu/14.2.0/../../../:/home/comp/zmzhang/software/anaconda3/envs/sclja/bin/../x86_64-conda-linux-gnu/sysroot/lib/:/home/comp/zmzhang/software/anaconda3/envs/sclja/bin/../x86_64-conda-linux-gnu/sysroot/usr/lib/]
  ignore line: [COLLECT_GCC_OPTIONS='-v' '-o' 'CMakeFiles/cmTC_ad095.dir/CMakeCXXCompilerABI.cpp.o' '-c' '-shared-libgcc' '-mtune=generic' '-march=x86-64' '-dumpdir' 'CMakeFiles/cmTC_ad095.dir/CMakeCXXCompilerABI.cpp.']
  ignore line: [Linking CXX executable cmTC_ad095]
  ignore line: [/home/comp/zmzhang/software/anaconda3/bin/cmake -E cmake_link_script CMakeFiles/cmTC_ad095.dir/link.txt --verbose=1]
  ignore line: [/home/comp/zmzhang/software/anaconda3/envs/sclja/bin/c++      -v CMakeFiles/cmTC_ad095.dir/CMakeCXXCompilerABI.cpp.o  -o cmTC_ad095 ]
  ignore line: [Reading specs from /home/comp/zmzhang/software/anaconda3/envs/sclja/bin/../lib/gcc/x86_64-conda-linux-gnu/14.2.0/specs]
  ignore line: [could not find specs file conda.specs]
  ignore line: [COLLECT_GCC=/home/comp/zmzhang/software/anaconda3/envs/sclja/bin/c++]
  ignore line: [COLLECT_LTO_WRAPPER=/home/comp/zmzhang/software/anaconda3/envs/sclja/bin/../libexec/gcc/x86_64-conda-linux-gnu/14.2.0/lto-wrapper]
  ignore line: [Target: x86_64-conda-linux-gnu]
  ignore line: [Configured with: ../configure --prefix=/home/conda/feedstock_root/build_artifacts/gcc_compilers_1740238128824/_h_env_placehold_placehold_placehold_placehold_placehold_placehold_placehold_placehold_placehold_placehold_placehold_placehold_placehold_placehold_placehold_placehold_placehold_placeho --with-slibdir=/home/conda/feedstock_root/build_artifacts/gcc_compilers_1740238128824/_h_env_placehold_placehold_placehold_placehold_placehold_placehold_placehold_placehold_placehold_placehold_placehold_placehold_placehold_placehold_placehold_placehold_placehold_placeho/lib --libdir=/home/conda/feedstock_root/build_artifacts/gcc_compilers_1740238128824/_h_env_placehold_placehold_placehold_placehold_placehold_placehold_placehold_placehold_placehold_placehold_placehold_placehold_placehold_placehold_placehold_placehold_placehold_placeho/lib --mandir=/home/conda/feedstock_root/build_artifacts/gcc_compilers_1740238128824/_h_env_placehold_placehold_placehold_placehold_placehold_placehold_placehold_placehold_placehold_placehold_placehold_placehold_placehold_placehold_placehold_placehold_placehold_placeho/man --build=x86_64-conda-linux-gnu --host=x86_64-conda-linux-gnu --target=x86_64-conda-linux-gnu --enable-languages=c,c++,fortran,objc,obj-c++ --enable-__cxa_atexit --disable-libmudflap --enable-libgomp --disable-libssp --enable-libquadmath --enable-libquadmath-support --enable-lto --enable-target-optspace --enable-plugin --enable-gold --disable-nls --disable-bootstrap --disable-multilib --enable-long-long --with-sysroot=/home/conda/feedstock_root/build_artifacts/gcc_compilers_1740238128824/_h_env_placehold_placehold_placehold_placehold_placehold_placehold_placehold_placehold_placehold_placehold_placehold_placehold_placehold_placehold_placehold_placehold_placehold_placeho/x86_64-conda-linux-gnu/sysroot --with-build-sysroot=/home/conda/feedstock_root/build_artifacts/gcc_compilers_1740238128824/work/cf-compilers/x86_64-conda-linux-gnu/sysroot --with-native-system-header-dir=/usr/include --with-gxx-include-dir=/home/conda/feedstock_root/build_artifacts/gcc_compilers_1740238128824/_h_env_placehold_placehold_placehold_placehold_placehold_placehold_placehold_placehold_placehold_placehold_placehold_placehold_placehold_placehold_placehold_placehold_placehold_placeho/lib/gcc/x86_64-conda-linux-gnu/14.2.0/include/c++ --with-pkgversion='conda-forge gcc 14.2.0-2' --with-bugurl=https://github.com/conda-forge/ctng-compilers-feedstock/issues/new/choose --enable-libsanitizer --enable-default-pie --enable-threads=posix]
  ignore line: [Thread model: posix]
  ignore line: [Supported LTO compression algorithms: zlib]
  ignore line: [gcc version 14.2.0 (conda-forge gcc 14.2.0-2) ]
  ignore line: [COMPILER_PATH=/home/comp/zmzhang/software/anaconda3/envs/sclja/bin/../libexec/gcc/x86_64-conda-linux-gnu/14.2.0/:/home/comp/zmzhang/software/anaconda3/envs/sclja/bin/../libexec/gcc/:/home/comp/zmzhang/software/anaconda3/envs/sclja/bin/../lib/gcc/x86_64-conda-linux-gnu/14.2.0/../../../../x86_64-conda-linux-gnu/bin/]
  ignore line: [LIBRARY_PATH=/home/comp/zmzhang/software/anaconda3/envs/sclja/bin/../lib/gcc/x86_64-conda-linux-gnu/14.2.0/:/home/comp/zmzhang/software/anaconda3/envs/sclja/bin/../lib/gcc/:/home/comp/zmzhang/software/expat-2.4.1_install/lib/../lib/:/home/comp/zmzhang/software/lib/../lib/:/home/comp/zmzhang/software/bzip2_install/lib/../lib/:/home/comp/zmzhang/software/openmpi-4.1.1_install/lib/../lib/:/home/comp/zmzhang/software/gsl-2.6_install/lib/../lib/:/home/comp/zmzhang/software/boost_1_73_0_install/lib/../lib/:/home/comp/zmzhang/software/sparsehash_install/lib/../lib/:/home/comp/zmzhang/software/zlib-1.2.11_install/lib/../lib/:/home/comp/zmzhang/software/arpack-ng-3.8.0_install/lib/../lib/:/home/comp/zmzhang/software/htslib_install/lib/../lib/:/home/comp/zmzhang/software/deflate/lib/../lib/:/home/comp/zmzhang/software/expat-2.4.1_install/lib/../lib/:/home/comp/zmzhang/software/lib/../lib/:/home/comp/zmzhang/software/bzip2_install/lib/../lib/:/home/comp/zmzhang/software/openmpi-4.1.1_install/lib/../lib/:/home/comp/zmzhang/software/gsl-2.6_install/lib/../lib/:/home/comp/zmzhang/software/boost_1_73_0_install/lib/../lib/:/home/comp/zmzhang/software/sparsehash_install/lib/../lib/:/home/comp/zmzhang/software/zlib-1.2.11_install/lib/../lib/:/home/comp/zmzhang/software/arpack-ng-3.8.0_install/lib/../lib/:/home/comp/zmzhang/software/htslib_install/lib/../lib/:/home/comp/zmzhang/software/deflate/lib/../lib/:/home/comp/zmzhang/software/anaconda3/envs/sclja/bin/../lib/gcc/x86_64-conda-linux-gnu/14.2.0/../../../../x86_64-conda-linux-gnu/lib/../lib/:/home/comp/zmzhang/software/anaconda3/envs/sclja/bin/../lib/gcc/x86_64-conda-linux-gnu/14.2.0/../../../../lib/:/home/comp/zmzhang/software/anaconda3/envs/sclja/bin/../x86_64-conda-linux-gnu/sysroot/lib/../lib/:/home/comp/zmzhang/software/anaconda3/envs/sclja/bin/../x86_64-conda-linux-gnu/sysroot/usr/lib/../lib/:/home/comp/zmzhang/software/expat-2.4.1_install/lib/:/home/comp/zmzhang/software/lib/:/home/comp/zmzhang/software/bzip2_install/lib/:/home/comp/zmzhang/software/openmpi-4.1.1_install/lib/:/home/comp/zmzhang/software/gsl-2.6_install/lib/:/home/comp/zmzhang/software/boost_1_73_0_install/lib/:/home/comp/zmzhang/software/sparsehash_install/lib/:/home/comp/zmzhang/software/zlib-1.2.11_install/lib/:/home/comp/zmzhang/software/arpack-ng-3.8.0_install/lib/:/home/comp/zmzhang/software/htslib_install/lib/:/home/comp/zmzhang/software/deflate/lib/:/home/comp/zmzhang/software/expat-2.4.1_install/lib/:/home/comp/zmzhang/software/lib/:/home/comp/zmzhang/software/bzip2_install/lib/:/home/comp/zmzhang/software/openmpi-4.1.1_install/lib/:/home/comp/zmzhang/software/gsl-2.6_install/lib/:/home/comp/zmzhang/software/boost_1_73_0_install/lib/:/home/comp/zmzhang/software/sparsehash_install/lib/:/home/comp/zmzhang/software/zlib-1.2.11_install/lib/:/home/comp/zmzhang/software/arpack-ng-3.8.0_install/lib/:/home/comp/zmzhang/software/htslib_install/lib/:/home/comp/zmzhang/software/deflate/lib/:./:/home/comp/zmzhang/software/anaconda3/envs/sclja/bin/../lib/gcc/x86_64-conda-linux-gnu/14.2.0/../../../../x86_64-conda-linux-gnu/lib/:/home/comp/zmzhang/software/anaconda3/envs/sclja/bin/../lib/gcc/x86_64-conda-linux-gnu/14.2.0/../../../:/home/comp/zmzhang/software/anaconda3/envs/sclja/bin/../x86_64-conda-linux-gnu/sysroot/lib/:/home/comp/zmzhang/software/anaconda3/envs/sclja/bin/../x86_64-conda-linux-gnu/sysroot/usr/lib/]
  ignore line: [COLLECT_GCC_OPTIONS='-v' '-o' 'cmTC_ad095' '-shared-libgcc' '-mtune=generic' '-march=x86-64' '-dumpdir' 'cmTC_ad095.']
  link line: [ /home/comp/zmzhang/software/anaconda3/envs/sclja/bin/../libexec/gcc/x86_64-conda-linux-gnu/14.2.0/collect2 -plugin /home/comp/zmzhang/software/anaconda3/envs/sclja/bin/../libexec/gcc/x86_64-conda-linux-gnu/14.2.0/liblto_plugin.so -plugin-opt=/home/comp/zmzhang/software/anaconda3/envs/sclja/bin/../libexec/gcc/x86_64-conda-linux-gnu/14.2.0/lto-wrapper -plugin-opt=-fresolution=/tmp/ccajQFBi.res -plugin-opt=-pass-through=-lgcc_s -plugin-opt=-pass-through=-lgcc -plugin-opt=-pass-through=-lc -plugin-opt=-pass-through=-lgcc_s -plugin-opt=-pass-through=-lgcc --sysroot=/home/comp/zmzhang/software/anaconda3/envs/sclja/bin/../x86_64-conda-linux-gnu/sysroot --eh-frame-hdr -m elf_x86_64 -dynamic-linker /lib64/ld-linux-x86-64.so.2 -pie -o cmTC_ad095 /home/comp/zmzhang/software/anaconda3/envs/sclja/bin/../x86_64-conda-linux-gnu/sysroot/usr/lib/../lib/Scrt1.o /home/comp/zmzhang/software/anaconda3/envs/sclja/bin/../x86_64-conda-linux-gnu/sysroot/usr/lib/../lib/crti.o /home/comp/zmzhang/software/anaconda3/envs/sclja/bin/../lib/gcc/x86_64-conda-linux-gnu/14.2.0/crtbeginS.o -L/home/comp/zmzhang/software/anaconda3/envs/sclja/bin/../lib/gcc/x86_64-conda-linux-gnu/14.2.0 -L/home/comp/zmzhang/software/anaconda3/envs/sclja/bin/../lib/gcc -L/home/comp/zmzhang/software/expat-2.4.1_install/lib/../lib -L/home/comp/zmzhang/software/lib/../lib -L/home/comp/zmzhang/software/bzip2_install/lib/../lib -L/home/comp/zmzhang/software/openmpi-4.1.1_install/lib/../lib -L/home/comp/zmzhang/software/gsl-2.6_install/lib/../lib -L/home/comp/zmzhang/software/boost_1_73_0_install/lib/../lib -L/home/comp/zmzhang/software/sparsehash_install/lib/../lib -L/home/comp/zmzhang/software/zlib-1.2.11_install/lib/../lib -L/home/comp/zmzhang/software/arpack-ng-3.8.0_install/lib/../lib -L/home/comp/zmzhang/software/htslib_install/lib/../lib -L/home/comp/zmzhang/software/deflate/lib/../lib -L/home/comp/zmzhang/software/expat-2.4.1_install/lib/../lib -L/home/comp/zmzhang/software/lib/../lib -L/home/comp/zmzhang/software/bzip2_install/lib/../lib -L/home/comp/zmzhang/software/openmpi-4.1.1_install/lib/../lib -L/home/comp/zmzhang/software/gsl-2.6_install/lib/../lib -L/home/comp/zmzhang/software/boost_1_73_0_install/lib/../lib -L/home/comp/zmzhang/software/sparsehash_install/lib/../lib -L/home/comp/zmzhang/software/zlib-1.2.11_install/lib/../lib -L/home/comp/zmzhang/software/arpack-ng-3.8.0_install/lib/../lib -L/home/comp/zmzhang/software/htslib_install/lib/../lib -L/home/comp/zmzhang/software/deflate/lib/../lib -L/home/comp/zmzhang/software/anaconda3/envs/sclja/bin/../lib/gcc/x86_64-conda-linux-gnu/14.2.0/../../../../x86_64-conda-linux-gnu/lib/../lib -L/home/comp/zmzhang/software/anaconda3/envs/sclja/bin/../lib/gcc/x86_64-conda-linux-gnu/14.2.0/../../../../lib -L/home/comp/zmzhang/software/anaconda3/envs/sclja/bin/../x86_64-conda-linux-gnu/sysroot/lib/../lib -L/home/comp/zmzhang/software/anaconda3/envs/sclja/bin/../x86_64-conda-linux-gnu/sysroot/usr/lib/../lib -L/home/comp/zmzhang/software/expat-2.4.1_install/lib -L/home/comp/zmzhang/software/lib -L/home/comp/zmzhang/software/bzip2_install/lib -L/home/comp/zmzhang/software/openmpi-4.1.1_install/lib -L/home/comp/zmzhang/software/gsl-2.6_install/lib -L/home/comp/zmzhang/software/boost_1_73_0_install/lib -L/home/comp/zmzhang/software/sparsehash_install/lib -L/home/comp/zmzhang/software/zlib-1.2.11_install/lib -L/home/comp/zmzhang/software/arpack-ng-3.8.0_install/lib -L/home/comp/zmzhang/software/htslib_install/lib -L/home/comp/zmzhang/software/deflate/lib -L/home/comp/zmzhang/software/expat-2.4.1_install/lib -L/home/comp/zmzhang/software/lib -L/home/comp/zmzhang/software/bzip2_install/lib -L/home/comp/zmzhang/software/openmpi-4.1.1_install/lib -L/home/comp/zmzhang/software/gsl-2.6_install/lib -L/home/comp/zmzhang/software/boost_1_73_0_install/lib -L/home/comp/zmzhang/software/sparsehash_install/lib -L/home/comp/zmzhang/software/zlib-1.2.11_install/lib -L/home/comp/zmzhang/software/arpack-ng-3.8.0_install/lib -L/home/comp/zmzhang/software/htslib_install/lib -L/home/comp/zmzhang/software/deflate/lib -L. -L/home/comp/zmzhang/software/anaconda3/envs/sclja/bin/../lib/gcc/x86_64-conda-linux-gnu/14.2.0/../../../../x86_64-conda-linux-gnu/lib -L/home/comp/zmzhang/software/anaconda3/envs/sclja/bin/../lib/gcc/x86_64-conda-linux-gnu/14.2.0/../../.. -L/home/comp/zmzhang/software/anaconda3/envs/sclja/bin/../x86_64-conda-linux-gnu/sysroot/lib -L/home/comp/zmzhang/software/anaconda3/envs/sclja/bin/../x86_64-conda-linux-gnu/sysroot/usr/lib CMakeFiles/cmTC_ad095.dir/CMakeCXXCompilerABI.cpp.o -lstdc++ -lm -lgcc_s -lgcc -lc -lgcc_s -lgcc /home/comp/zmzhang/software/anaconda3/envs/sclja/bin/../lib/gcc/x86_64-conda-linux-gnu/14.2.0/crtendS.o /home/comp/zmzhang/software/anaconda3/envs/sclja/bin/../x86_64-conda-linux-gnu/sysroot/usr/lib/../lib/crtn.o -rpath /home/comp/zmzhang/software/anaconda3/envs/sclja/lib]
    arg [/home/comp/zmzhang/software/anaconda3/envs/sclja/bin/../libexec/gcc/x86_64-conda-linux-gnu/14.2.0/collect2] ==> ignore
    arg [-plugin] ==> ignore
    arg [/home/comp/zmzhang/software/anaconda3/envs/sclja/bin/../libexec/gcc/x86_64-conda-linux-gnu/14.2.0/liblto_plugin.so] ==> ignore
    arg [-plugin-opt=/home/comp/zmzhang/software/anaconda3/envs/sclja/bin/../libexec/gcc/x86_64-conda-linux-gnu/14.2.0/lto-wrapper] ==> ignore
    arg [-plugin-opt=-fresolution=/tmp/ccajQFBi.res] ==> ignore
    arg [-plugin-opt=-pass-through=-lgcc_s] ==> ignore
    arg [-plugin-opt=-pass-through=-lgcc] ==> ignore
    arg [-plugin-opt=-pass-through=-lc] ==> ignore
    arg [-plugin-opt=-pass-through=-lgcc_s] ==> ignore
    arg [-plugin-opt=-pass-through=-lgcc] ==> ignore
    arg [--sysroot=/home/comp/zmzhang/software/anaconda3/envs/sclja/bin/../x86_64-conda-linux-gnu/sysroot] ==> ignore
    arg [--eh-frame-hdr] ==> ignore
    arg [-m] ==> ignore
    arg [elf_x86_64] ==> ignore
    arg [-dynamic-linker] ==> ignore
    arg [/lib64/ld-linux-x86-64.so.2] ==> ignore
    arg [-pie] ==> ignore
    arg [-o] ==> ignore
    arg [cmTC_ad095] ==> ignore
    arg [/home/comp/zmzhang/software/anaconda3/envs/sclja/bin/../x86_64-conda-linux-gnu/sysroot/usr/lib/../lib/Scrt1.o] ==> ignore
    arg [/home/comp/zmzhang/software/anaconda3/envs/sclja/bin/../x86_64-conda-linux-gnu/sysroot/usr/lib/../lib/crti.o] ==> ignore
    arg [/home/comp/zmzhang/software/anaconda3/envs/sclja/bin/../lib/gcc/x86_64-conda-linux-gnu/14.2.0/crtbeginS.o] ==> ignore
    arg [-L/home/comp/zmzhang/software/anaconda3/envs/sclja/bin/../lib/gcc/x86_64-conda-linux-gnu/14.2.0] ==> dir [/home/comp/zmzhang/software/anaconda3/envs/sclja/bin/../lib/gcc/x86_64-conda-linux-gnu/14.2.0]
    arg [-L/home/comp/zmzhang/software/anaconda3/envs/sclja/bin/../lib/gcc] ==> dir [/home/comp/zmzhang/software/anaconda3/envs/sclja/bin/../lib/gcc]
    arg [-L/home/comp/zmzhang/software/expat-2.4.1_install/lib/../lib] ==> dir [/home/comp/zmzhang/software/expat-2.4.1_install/lib/../lib]
    arg [-L/home/comp/zmzhang/software/lib/../lib] ==> dir [/home/comp/zmzhang/software/lib/../lib]
    arg [-L/home/comp/zmzhang/software/bzip2_install/lib/../lib] ==> dir [/home/comp/zmzhang/software/bzip2_install/lib/../lib]
    arg [-L/home/comp/zmzhang/software/openmpi-4.1.1_install/lib/../lib] ==> dir [/home/comp/zmzhang/software/openmpi-4.1.1_install/lib/../lib]
    arg [-L/home/comp/zmzhang/software/gsl-2.6_install/lib/../lib] ==> dir [/home/comp/zmzhang/software/gsl-2.6_install/lib/../lib]
    arg [-L/home/comp/zmzhang/software/boost_1_73_0_install/lib/../lib] ==> dir [/home/comp/zmzhang/software/boost_1_73_0_install/lib/../lib]
    arg [-L/home/comp/zmzhang/software/sparsehash_install/lib/../lib] ==> dir [/home/comp/zmzhang/software/sparsehash_install/lib/../lib]
    arg [-L/home/comp/zmzhang/software/zlib-1.2.11_install/lib/../lib] ==> dir [/home/comp/zmzhang/software/zlib-1.2.11_install/lib/../lib]
    arg [-L/home/comp/zmzhang/software/arpack-ng-3.8.0_install/lib/../lib] ==> dir [/home/comp/zmzhang/software/arpack-ng-3.8.0_install/lib/../lib]
    arg [-L/home/comp/zmzhang/software/htslib_install/lib/../lib] ==> dir [/home/comp/zmzhang/software/htslib_install/lib/../lib]
    arg [-L/home/comp/zmzhang/software/deflate/lib/../lib] ==> dir [/home/comp/zmzhang/software/deflate/lib/../lib]
    arg [-L/home/comp/zmzhang/software/expat-2.4.1_install/lib/../lib] ==> dir [/home/comp/zmzhang/software/expat-2.4.1_install/lib/../lib]
    arg [-L/home/comp/zmzhang/software/lib/../lib] ==> dir [/home/comp/zmzhang/software/lib/../lib]
    arg [-L/home/comp/zmzhang/software/bzip2_install/lib/../lib] ==> dir [/home/comp/zmzhang/software/bzip2_install/lib/../lib]
    arg [-L/home/comp/zmzhang/software/openmpi-4.1.1_install/lib/../lib] ==> dir [/home/comp/zmzhang/software/openmpi-4.1.1_install/lib/../lib]
    arg [-L/home/comp/zmzhang/software/gsl-2.6_install/lib/../lib] ==> dir [/home/comp/zmzhang/software/gsl-2.6_install/lib/../lib]
    arg [-L/home/comp/zmzhang/software/boost_1_73_0_install/lib/../lib] ==> dir [/home/comp/zmzhang/software/boost_1_73_0_install/lib/../lib]
    arg [-L/home/comp/zmzhang/software/sparsehash_install/lib/../lib] ==> dir [/home/comp/zmzhang/software/sparsehash_install/lib/../lib]
    arg [-L/home/comp/zmzhang/software/zlib-1.2.11_install/lib/../lib] ==> dir [/home/comp/zmzhang/software/zlib-1.2.11_install/lib/../lib]
    arg [-L/home/comp/zmzhang/software/arpack-ng-3.8.0_install/lib/../lib] ==> dir [/home/comp/zmzhang/software/arpack-ng-3.8.0_install/lib/../lib]
    arg [-L/home/comp/zmzhang/software/htslib_install/lib/../lib] ==> dir [/home/comp/zmzhang/software/htslib_install/lib/../lib]
    arg [-L/home/comp/zmzhang/software/deflate/lib/../lib] ==> dir [/home/comp/zmzhang/software/deflate/lib/../lib]
    arg [-L/home/comp/zmzhang/software/anaconda3/envs/sclja/bin/../lib/gcc/x86_64-conda-linux-gnu/14.2.0/../../../../x86_64-conda-linux-gnu/lib/../lib] ==> dir [/home/comp/zmzhang/software/anaconda3/envs/sclja/bin/../lib/gcc/x86_64-conda-linux-gnu/14.2.0/../../../../x86_64-conda-linux-gnu/lib/../lib]
    arg [-L/home/comp/zmzhang/software/anaconda3/envs/sclja/bin/../lib/gcc/x86_64-conda-linux-gnu/14.2.0/../../../../lib] ==> dir [/home/comp/zmzhang/software/anaconda3/envs/sclja/bin/../lib/gcc/x86_64-conda-linux-gnu/14.2.0/../../../../lib]
    arg [-L/home/comp/zmzhang/software/anaconda3/envs/sclja/bin/../x86_64-conda-linux-gnu/sysroot/lib/../lib] ==> dir [/home/comp/zmzhang/software/anaconda3/envs/sclja/bin/../x86_64-conda-linux-gnu/sysroot/lib/../lib]
    arg [-L/home/comp/zmzhang/software/anaconda3/envs/sclja/bin/../x86_64-conda-linux-gnu/sysroot/usr/lib/../lib] ==> dir [/home/comp/zmzhang/software/anaconda3/envs/sclja/bin/../x86_64-conda-linux-gnu/sysroot/usr/lib/../lib]
    arg [-L/home/comp/zmzhang/software/expat-2.4.1_install/lib] ==> dir [/home/comp/zmzhang/software/expat-2.4.1_install/lib]
    arg [-L/home/comp/zmzhang/software/lib] ==> dir [/home/comp/zmzhang/software/lib]
    arg [-L/home/comp/zmzhang/software/bzip2_install/lib] ==> dir [/home/comp/zmzhang/software/bzip2_install/lib]
    arg [-L/home/comp/zmzhang/software/openmpi-4.1.1_install/lib] ==> dir [/home/comp/zmzhang/software/openmpi-4.1.1_install/lib]
    arg [-L/home/comp/zmzhang/software/gsl-2.6_install/lib] ==> dir [/home/comp/zmzhang/software/gsl-2.6_install/lib]
    arg [-L/home/comp/zmzhang/software/boost_1_73_0_install/lib] ==> dir [/home/comp/zmzhang/software/boost_1_73_0_install/lib]
    arg [-L/home/comp/zmzhang/software/sparsehash_install/lib] ==> dir [/home/comp/zmzhang/software/sparsehash_install/lib]
    arg [-L/home/comp/zmzhang/software/zlib-1.2.11_install/lib] ==> dir [/home/comp/zmzhang/software/zlib-1.2.11_install/lib]
    arg [-L/home/comp/zmzhang/software/arpack-ng-3.8.0_install/lib] ==> dir [/home/comp/zmzhang/software/arpack-ng-3.8.0_install/lib]
    arg [-L/home/comp/zmzhang/software/htslib_install/lib] ==> dir [/home/comp/zmzhang/software/htslib_install/lib]
    arg [-L/home/comp/zmzhang/software/deflate/lib] ==> dir [/home/comp/zmzhang/software/deflate/lib]
    arg [-L/home/comp/zmzhang/software/expat-2.4.1_install/lib] ==> dir [/home/comp/zmzhang/software/expat-2.4.1_install/lib]
    arg [-L/home/comp/zmzhang/software/lib] ==> dir [/home/comp/zmzhang/software/lib]
    arg [-L/home/comp/zmzhang/software/bzip2_install/lib] ==> dir [/home/comp/zmzhang/software/bzip2_install/lib]
    arg [-L/home/comp/zmzhang/software/openmpi-4.1.1_install/lib] ==> dir [/home/comp/zmzhang/software/openmpi-4.1.1_install/lib]
    arg [-L/home/comp/zmzhang/software/gsl-2.6_install/lib] ==> dir [/home/comp/zmzhang/software/gsl-2.6_install/lib]
    arg [-L/home/comp/zmzhang/software/boost_1_73_0_install/lib] ==> dir [/home/comp/zmzhang/software/boost_1_73_0_install/lib]
    arg [-L/home/comp/zmzhang/software/sparsehash_install/lib] ==> dir [/home/comp/zmzhang/software/sparsehash_install/lib]
    arg [-L/home/comp/zmzhang/software/zlib-1.2.11_install/lib] ==> dir [/home/comp/zmzhang/software/zlib-1.2.11_install/lib]
    arg [-L/home/comp/zmzhang/software/arpack-ng-3.8.0_install/lib] ==> dir [/home/comp/zmzhang/software/arpack-ng-3.8.0_install/lib]
    arg [-L/home/comp/zmzhang/software/htslib_install/lib] ==> dir [/home/comp/zmzhang/software/htslib_install/lib]
    arg [-L/home/comp/zmzhang/software/deflate/lib] ==> dir [/home/comp/zmzhang/software/deflate/lib]
    arg [-L.] ==> ignore
    arg [-L/home/comp/zmzhang/software/anaconda3/envs/sclja/bin/../lib/gcc/x86_64-conda-linux-gnu/14.2.0/../../../../x86_64-conda-linux-gnu/lib] ==> dir [/home/comp/zmzhang/software/anaconda3/envs/sclja/bin/../lib/gcc/x86_64-conda-linux-gnu/14.2.0/../../../../x86_64-conda-linux-gnu/lib]
    arg [-L/home/comp/zmzhang/software/anaconda3/envs/sclja/bin/../lib/gcc/x86_64-conda-linux-gnu/14.2.0/../../..] ==> dir [/home/comp/zmzhang/software/anaconda3/envs/sclja/bin/../lib/gcc/x86_64-conda-linux-gnu/14.2.0/../../..]
    arg [-L/home/comp/zmzhang/software/anaconda3/envs/sclja/bin/../x86_64-conda-linux-gnu/sysroot/lib] ==> dir [/home/comp/zmzhang/software/anaconda3/envs/sclja/bin/../x86_64-conda-linux-gnu/sysroot/lib]
    arg [-L/home/comp/zmzhang/software/anaconda3/envs/sclja/bin/../x86_64-conda-linux-gnu/sysroot/usr/lib] ==> dir [/home/comp/zmzhang/software/anaconda3/envs/sclja/bin/../x86_64-conda-linux-gnu/sysroot/usr/lib]
    arg [CMakeFiles/cmTC_ad095.dir/CMakeCXXCompilerABI.cpp.o] ==> ignore
    arg [-lstdc++] ==> lib [stdc++]
    arg [-lm] ==> lib [m]
    arg [-lgcc_s] ==> lib [gcc_s]
    arg [-lgcc] ==> lib [gcc]
    arg [-lc] ==> lib [c]
    arg [-lgcc_s] ==> lib [gcc_s]
    arg [-lgcc] ==> lib [gcc]
    arg [/home/comp/zmzhang/software/anaconda3/envs/sclja/bin/../lib/gcc/x86_64-conda-linux-gnu/14.2.0/crtendS.o] ==> ignore
    arg [/home/comp/zmzhang/software/anaconda3/envs/sclja/bin/../x86_64-conda-linux-gnu/sysroot/usr/lib/../lib/crtn.o] ==> ignore
    arg [-rpath] ==> ignore
    arg [/home/comp/zmzhang/software/anaconda3/envs/sclja/lib] ==> ignore
  collapse library dir [/home/comp/zmzhang/software/anaconda3/envs/sclja/bin/../lib/gcc/x86_64-conda-linux-gnu/14.2.0] ==> [/home/comp/zmzhang/software/anaconda3/envs/sclja/lib/gcc/x86_64-conda-linux-gnu/14.2.0]
  collapse library dir [/home/comp/zmzhang/software/anaconda3/envs/sclja/bin/../lib/gcc] ==> [/home/comp/zmzhang/software/anaconda3/envs/sclja/lib/gcc]
  collapse library dir [/home/comp/zmzhang/software/expat-2.4.1_install/lib/../lib] ==> [/home/comp/zmzhang/software/expat-2.4.1_install/lib]
  collapse library dir [/home/comp/zmzhang/software/lib/../lib] ==> [/home/comp/zmzhang/software/lib]
  collapse library dir [/home/comp/zmzhang/software/bzip2_install/lib/../lib] ==> [/home/comp/zmzhang/software/bzip2_install/lib]
  collapse library dir [/home/comp/zmzhang/software/openmpi-4.1.1_install/lib/../lib] ==> [/home/comp/zmzhang/software/openmpi-4.1.1_install/lib]
  collapse library dir [/home/comp/zmzhang/software/gsl-2.6_install/lib/../lib] ==> [/home/comp/zmzhang/software/gsl-2.6_install/lib]
  collapse library dir [/home/comp/zmzhang/software/boost_1_73_0_install/lib/../lib] ==> [/home/comp/zmzhang/software/boost_1_73_0_install/lib]
  collapse library dir [/home/comp/zmzhang/software/sparsehash_install/lib/../lib] ==> [/home/comp/zmzhang/software/sparsehash_install/lib]
  collapse library dir [/home/comp/zmzhang/software/zlib-1.2.11_install/lib/../lib] ==> [/home/comp/zmzhang/software/zlib-1.2.11_install/lib]
  collapse library dir [/home/comp/zmzhang/software/arpack-ng-3.8.0_install/lib/../lib] ==> [/home/comp/zmzhang/software/arpack-ng-3.8.0_install/lib]
  collapse library dir [/home/comp/zmzhang/software/htslib_install/lib/../lib] ==> [/home/comp/zmzhang/software/htslib_install/lib]
  collapse library dir [/home/comp/zmzhang/software/deflate/lib/../lib] ==> [/home/comp/zmzhang/software/deflate/lib]
  collapse library dir [/home/comp/zmzhang/software/expat-2.4.1_install/lib/../lib] ==> [/home/comp/zmzhang/software/expat-2.4.1_install/lib]
  collapse library dir [/home/comp/zmzhang/software/lib/../lib] ==> [/home/comp/zmzhang/software/lib]
  collapse library dir [/home/comp/zmzhang/software/bzip2_install/lib/../lib] ==> [/home/comp/zmzhang/software/bzip2_install/lib]
  collapse library dir [/home/comp/zmzhang/software/openmpi-4.1.1_install/lib/../lib] ==> [/home/comp/zmzhang/software/openmpi-4.1.1_install/lib]
  collapse library dir [/home/comp/zmzhang/software/gsl-2.6_install/lib/../lib] ==> [/home/comp/zmzhang/software/gsl-2.6_install/lib]
  collapse library dir [/home/comp/zmzhang/software/boost_1_73_0_install/lib/../lib] ==> [/home/comp/zmzhang/software/boost_1_73_0_install/lib]
  collapse library dir [/home/comp/zmzhang/software/sparsehash_install/lib/../lib] ==> [/home/comp/zmzhang/software/sparsehash_install/lib]
  collapse library dir [/home/comp/zmzhang/software/zlib-1.2.11_install/lib/../lib] ==> [/home/comp/zmzhang/software/zlib-1.2.11_install/lib]
  collapse library dir [/home/comp/zmzhang/software/arpack-ng-3.8.0_install/lib/../lib] ==> [/home/comp/zmzhang/software/arpack-ng-3.8.0_install/lib]
  collapse library dir [/home/comp/zmzhang/software/htslib_install/lib/../lib] ==> [/home/comp/zmzhang/software/htslib_install/lib]
  collapse library dir [/home/comp/zmzhang/software/deflate/lib/../lib] ==> [/home/comp/zmzhang/software/deflate/lib]
  collapse library dir [/home/comp/zmzhang/software/anaconda3/envs/sclja/bin/../lib/gcc/x86_64-conda-linux-gnu/14.2.0/../../../../x86_64-conda-linux-gnu/lib/../lib] ==> [/home/comp/zmzhang/software/anaconda3/envs/sclja/x86_64-conda-linux-gnu/lib]
  collapse library dir [/home/comp/zmzhang/software/anaconda3/envs/sclja/bin/../lib/gcc/x86_64-conda-linux-gnu/14.2.0/../../../../lib] ==> [/home/comp/zmzhang/software/anaconda3/envs/sclja/lib]
  collapse library dir [/home/comp/zmzhang/software/anaconda3/envs/sclja/bin/../x86_64-conda-linux-gnu/sysroot/lib/../lib] ==> [/home/comp/zmzhang/software/anaconda3/envs/sclja/x86_64-conda-linux-gnu/sysroot/lib]
  collapse library dir [/home/comp/zmzhang/software/anaconda3/envs/sclja/bin/../x86_64-conda-linux-gnu/sysroot/usr/lib/../lib] ==> [/home/comp/zmzhang/software/anaconda3/envs/sclja/x86_64-conda-linux-gnu/sysroot/usr/lib]
  collapse library dir [/home/comp/zmzhang/software/expat-2.4.1_install/lib] ==> [/home/comp/zmzhang/software/expat-2.4.1_install/lib]
  collapse library dir [/home/comp/zmzhang/software/lib] ==> [/home/comp/zmzhang/software/lib]
  collapse library dir [/home/comp/zmzhang/software/bzip2_install/lib] ==> [/home/comp/zmzhang/software/bzip2_install/lib]
  collapse library dir [/home/comp/zmzhang/software/openmpi-4.1.1_install/lib] ==> [/home/comp/zmzhang/software/openmpi-4.1.1_install/lib]
  collapse library dir [/home/comp/zmzhang/software/gsl-2.6_install/lib] ==> [/home/comp/zmzhang/software/gsl-2.6_install/lib]
  collapse library dir [/home/comp/zmzhang/software/boost_1_73_0_install/lib] ==> [/home/comp/zmzhang/software/boost_1_73_0_install/lib]
  collapse library dir [/home/comp/zmzhang/software/sparsehash_install/lib] ==> [/home/comp/zmzhang/software/sparsehash_install/lib]
  collapse library dir [/home/comp/zmzhang/software/zlib-1.2.11_install/lib] ==> [/home/comp/zmzhang/software/zlib-1.2.11_install/lib]
  collapse library dir [/home/comp/zmzhang/software/arpack-ng-3.8.0_install/lib] ==> [/home/comp/zmzhang/software/arpack-ng-3.8.0_install/lib]
  collapse library dir [/home/comp/zmzhang/software/htslib_install/lib] ==> [/home/comp/zmzhang/software/htslib_install/lib]
  collapse library dir [/home/comp/zmzhang/software/deflate/lib] ==> [/home/comp/zmzhang/software/deflate/lib]
  collapse library dir [/home/comp/zmzhang/software/expat-2.4.1_install/lib] ==> [/home/comp/zmzhang/software/expat-2.4.1_install/lib]
  collapse library dir [/home/comp/zmzhang/software/lib] ==> [/home/comp/zmzhang/software/lib]
  collapse library dir [/home/comp/zmzhang/software/bzip2_install/lib] ==> [/home/comp/zmzhang/software/bzip2_install/lib]
  collapse library dir [/home/comp/zmzhang/software/openmpi-4.1.1_install/lib] ==> [/home/comp/zmzhang/software/openmpi-4.1.1_install/lib]
  collapse library dir [/home/comp/zmzhang/software/gsl-2.6_install/lib] ==> [/home/comp/zmzhang/software/gsl-2.6_install/lib]
  collapse library dir [/home/comp/zmzhang/software/boost_1_73_0_install/lib] ==> [/home/comp/zmzhang/software/boost_1_73_0_install/lib]
  collapse library dir [/home/comp/zmzhang/software/sparsehash_install/lib] ==> [/home/comp/zmzhang/software/sparsehash_install/lib]
  collapse library dir [/home/comp/zmzhang/software/zlib-1.2.11_install/lib] ==> [/home/comp/zmzhang/software/zlib-1.2.11_install/lib]
  collapse library dir [/home/comp/zmzhang/software/arpack-ng-3.8.0_install/lib] ==> [/home/comp/zmzhang/software/arpack-ng-3.8.0_install/lib]
  collapse library dir [/home/comp/zmzhang/software/htslib_install/lib] ==> [/home/comp/zmzhang/software/htslib_install/lib]
  collapse library dir [/home/comp/zmzhang/software/deflate/lib] ==> [/home/comp/zmzhang/software/deflate/lib]
  collapse library dir [/home/comp/zmzhang/software/anaconda3/envs/sclja/bin/../lib/gcc/x86_64-conda-linux-gnu/14.2.0/../../../../x86_64-conda-linux-gnu/lib] ==> [/home/comp/zmzhang/software/anaconda3/envs/sclja/x86_64-conda-linux-gnu/lib]
  collapse library dir [/home/comp/zmzhang/software/anaconda3/envs/sclja/bin/../lib/gcc/x86_64-conda-linux-gnu/14.2.0/../../..] ==> [/home/comp/zmzhang/software/anaconda3/envs/sclja/lib]
  collapse library dir [/home/comp/zmzhang/software/anaconda3/envs/sclja/bin/../x86_64-conda-linux-gnu/sysroot/lib] ==> [/home/comp/zmzhang/software/anaconda3/envs/sclja/x86_64-conda-linux-gnu/sysroot/lib]
  collapse library dir [/home/comp/zmzhang/software/anaconda3/envs/sclja/bin/../x86_64-conda-linux-gnu/sysroot/usr/lib] ==> [/home/comp/zmzhang/software/anaconda3/envs/sclja/x86_64-conda-linux-gnu/sysroot/usr/lib]
  implicit libs: [stdc++;m;gcc_s;gcc;c;gcc_s;gcc]
  implicit dirs: [/home/comp/zmzhang/software/anaconda3/envs/sclja/lib/gcc/x86_64-conda-linux-gnu/14.2.0;/home/comp/zmzhang/software/anaconda3/envs/sclja/lib/gcc;/home/comp/zmzhang/software/expat-2.4.1_install/lib;/home/comp/zmzhang/software/lib;/home/comp/zmzhang/software/bzip2_install/lib;/home/comp/zmzhang/software/openmpi-4.1.1_install/lib;/home/comp/zmzhang/software/gsl-2.6_install/lib;/home/comp/zmzhang/software/boost_1_73_0_install/lib;/home/comp/zmzhang/software/sparsehash_install/lib;/home/comp/zmzhang/software/zlib-1.2.11_install/lib;/home/comp/zmzhang/software/arpack-ng-3.8.0_install/lib;/home/comp/zmzhang/software/htslib_install/lib;/home/comp/zmzhang/software/deflate/lib;/home/comp/zmzhang/software/anaconda3/envs/sclja/x86_64-conda-linux-gnu/lib;/home/comp/zmzhang/software/anaconda3/envs/sclja/lib;/home/comp/zmzhang/software/anaconda3/envs/sclja/x86_64-conda-linux-gnu/sysroot/lib;/home/comp/zmzhang/software/anaconda3/envs/sclja/x86_64-conda-linux-gnu/sysroot/usr/lib]
  implicit fwks: []




Detecting CXX [-std=c++2a] compiler features compiled with the following output:
Change Dir: /datahome/datasets/ericteam/zmzhang/Microbe_Seq/scLJA/build/CMakeFiles/CMakeTmp

Run Build Command(s):/usr/bin/gmake cmTC_5caa5/fast 
/usr/bin/gmake -f CMakeFiles/cmTC_5caa5.dir/build.make CMakeFiles/cmTC_5caa5.dir/build
gmake[1]: Entering directory '/datahome/datasets/ericteam/zmzhang/Microbe_Seq/scLJA/build/CMakeFiles/CMakeTmp'
Building CXX object CMakeFiles/cmTC_5caa5.dir/feature_tests.cxx.o
/home/comp/zmzhang/software/anaconda3/envs/sclja/bin/c++    -std=c++2a -o CMakeFiles/cmTC_5caa5.dir/feature_tests.cxx.o -c /datahome/datasets/ericteam/zmzhang/Microbe_Seq/scLJA/build/CMakeFiles/feature_tests.cxx
Linking CXX executable cmTC_5caa5
/home/comp/zmzhang/software/anaconda3/bin/cmake -E cmake_link_script CMakeFiles/cmTC_5caa5.dir/link.txt --verbose=1
/home/comp/zmzhang/software/anaconda3/envs/sclja/bin/c++       CMakeFiles/cmTC_5caa5.dir/feature_tests.cxx.o  -o cmTC_5caa5 
gmake[1]: Leaving directory '/datahome/datasets/ericteam/zmzhang/Microbe_Seq/scLJA/build/CMakeFiles/CMakeTmp'


    Feature record: CXX_FEATURE:1cxx_aggregate_default_initializers
    Feature record: CXX_FEATURE:1cxx_alias_templates
    Feature record: CXX_FEATURE:1cxx_alignas
    Feature record: CXX_FEATURE:1cxx_alignof
    Feature record: CXX_FEATURE:1cxx_attributes
    Feature record: CXX_FEATURE:1cxx_attribute_deprecated
    Feature record: CXX_FEATURE:1cxx_auto_type
    Feature record: CXX_FEATURE:1cxx_binary_literals
    Feature record: CXX_FEATURE:1cxx_constexpr
    Feature record: CXX_FEATURE:1cxx_contextual_conversions
    Feature record: CXX_FEATURE:1cxx_decltype
    Feature record: CXX_FEATURE:1cxx_decltype_auto
    Feature record: CXX_FEATURE:1cxx_decltype_incomplete_return_types
    Feature record: CXX_FEATURE:1cxx_default_function_template_args
    Feature record: CXX_FEATURE:1cxx_defaulted_functions
    Feature record: CXX_FEATURE:1cxx_defaulted_move_initializers
    Feature record: CXX_FEATURE:1cxx_delegating_constructors
    Feature record: CXX_FEATURE:1cxx_deleted_functions
    Feature record: CXX_FEATURE:1cxx_digit_separators
    Feature record: CXX_FEATURE:1cxx_enum_forward_declarations
    Feature record: CXX_FEATURE:1cxx_explicit_conversions
    Feature record: CXX_FEATURE:1cxx_extended_friend_declarations
    Feature record: CXX_FEATURE:1cxx_extern_templates
    Feature record: CXX_FEATURE:1cxx_final
    Feature record: CXX_FEATURE:1cxx_func_identifier
    Feature record: CXX_FEATURE:1cxx_generalized_initializers
    Feature record: CXX_FEATURE:1cxx_generic_lambdas
    Feature record: CXX_FEATURE:1cxx_inheriting_constructors
    Feature record: CXX_FEATURE:1cxx_inline_namespaces
    Feature record: CXX_FEATURE:1cxx_lambdas
    Feature record: CXX_FEATURE:1cxx_lambda_init_captures
    Feature record: CXX_FEATURE:1cxx_local_type_template_args
    Feature record: CXX_FEATURE:1cxx_long_long_type
    Feature record: CXX_FEATURE:1cxx_noexcept
    Feature record: CXX_FEATURE:1cxx_nonstatic_member_init
    Feature record: CXX_FEATURE:1cxx_nullptr
    Feature record: CXX_FEATURE:1cxx_override
    Feature record: CXX_FEATURE:1cxx_range_for
    Feature record: CXX_FEATURE:1cxx_raw_string_literals
    Feature record: CXX_FEATURE:1cxx_reference_qualified_functions
    Feature record: CXX_FEATURE:1cxx_relaxed_constexpr
    Feature record: CXX_FEATURE:1cxx_return_type_deduction
    Feature record: CXX_FEATURE:1cxx_right_angle_brackets
    Feature record: CXX_FEATURE:1cxx_rvalue_references
    Feature record: CXX_FEATURE:1cxx_sizeof_member
    Feature record: CXX_FEATURE:1cxx_static_assert
    Feature record: CXX_FEATURE:1cxx_strong_enums
    Feature record: CXX_FEATURE:1cxx_template_template_parameters
    Feature record: CXX_FEATURE:1cxx_thread_local
    Feature record: CXX_FEATURE:1cxx_trailing_return_types
    Feature record: CXX_FEATURE:1cxx_unicode_literals
    Feature record: CXX_FEATURE:1cxx_uniform_initialization
    Feature record: CXX_FEATURE:1cxx_unrestricted_unions
    Feature record: CXX_FEATURE:1cxx_user_literals
    Feature record: CXX_FEATURE:1cxx_variable_templates
    Feature record: CXX_FEATURE:1cxx_variadic_macros
    Feature record: CXX_FEATURE:1cxx_variadic_templates


Detecting CXX [-std=c++17] compiler features compiled with the following output:
Change Dir: /datahome/datasets/ericteam/zmzhang/Microbe_Seq/scLJA/build/CMakeFiles/CMakeTmp

Run Build Command(s):/usr/bin/gmake cmTC_ff170/fast 
/usr/bin/gmake -f CMakeFiles/cmTC_ff170.dir/build.make CMakeFiles/cmTC_ff170.dir/build
gmake[1]: Entering directory '/datahome/datasets/ericteam/zmzhang/Microbe_Seq/scLJA/build/CMakeFiles/CMakeTmp'
Building CXX object CMakeFiles/cmTC_ff170.dir/feature_tests.cxx.o
/home/comp/zmzhang/software/anaconda3/envs/sclja/bin/c++    -std=c++17 -o CMakeFiles/cmTC_ff170.dir/feature_tests.cxx.o -c /datahome/datasets/ericteam/zmzhang/Microbe_Seq/scLJA/build/CMakeFiles/feature_tests.cxx
Linking CXX executable cmTC_ff170
/home/comp/zmzhang/software/anaconda3/bin/cmake -E cmake_link_script CMakeFiles/cmTC_ff170.dir/link.txt --verbose=1
/home/comp/zmzhang/software/anaconda3/envs/sclja/bin/c++       CMakeFiles/cmTC_ff170.dir/feature_tests.cxx.o  -o cmTC_ff170 
gmake[1]: Leaving directory '/datahome/datasets/ericteam/zmzhang/Microbe_Seq/scLJA/build/CMakeFiles/CMakeTmp'


    Feature record: CXX_FEATURE:1cxx_aggregate_default_initializers
    Feature record: CXX_FEATURE:1cxx_alias_templates
    Feature record: CXX_FEATURE:1cxx_alignas
    Feature record: CXX_FEATURE:1cxx_alignof
    Feature record: CXX_FEATURE:1cxx_attributes
    Feature record: CXX_FEATURE:1cxx_attribute_deprecated
    Feature record: CXX_FEATURE:1cxx_auto_type
    Feature record: CXX_FEATURE:1cxx_binary_literals
    Feature record: CXX_FEATURE:1cxx_constexpr
    Feature record: CXX_FEATURE:1cxx_contextual_conversions
    Feature record: CXX_FEATURE:1cxx_decltype
    Feature record: CXX_FEATURE:1cxx_decltype_auto
    Feature record: CXX_FEATURE:1cxx_decltype_incomplete_return_types
    Feature record: CXX_FEATURE:1cxx_default_function_template_args
    Feature record: CXX_FEATURE:1cxx_defaulted_functions
    Feature record: CXX_FEATURE:1cxx_defaulted_move_initializers
    Feature record: CXX_FEATURE:1cxx_delegating_constructors
    Feature record: CXX_FEATURE:1cxx_deleted_functions
    Feature record: CXX_FEATURE:1cxx_digit_separators
    Feature record: CXX_FEATURE:1cxx_enum_forward_declarations
    Feature record: CXX_FEATURE:1cxx_explicit_conversions
    Feature record: CXX_FEATURE:1cxx_extended_friend_declarations
    Feature record: CXX_FEATURE:1cxx_extern_templates
    Feature record: CXX_FEATURE:1cxx_final
    Feature record: CXX_FEATURE:1cxx_func_identifier
    Feature record: CXX_FEATURE:1cxx_generalized_initializers
    Feature record: CXX_FEATURE:1cxx_generic_lambdas
    Feature record: CXX_FEATURE:1cxx_inheriting_constructors
    Feature record: CXX_FEATURE:1cxx_inline_namespaces
    Feature record: CXX_FEATURE:1cxx_lambdas
    Feature record: CXX_FEATURE:1cxx_lambda_init_captures
    Feature record: CXX_FEATURE:1cxx_local_type_template_args
    Feature record: CXX_FEATURE:1cxx_long_long_type
    Feature record: CXX_FEATURE:1cxx_noexcept
    Feature record: CXX_FEATURE:1cxx_nonstatic_member_init
    Feature record: CXX_FEATURE:1cxx_nullptr
    Feature record: CXX_FEATURE:1cxx_override
    Feature record: CXX_FEATURE:1cxx_range_for
    Feature record: CXX_FEATURE:1cxx_raw_string_literals
    Feature record: CXX_FEATURE:1cxx_reference_qualified_functions
    Feature record: CXX_FEATURE:1cxx_relaxed_constexpr
    Feature record: CXX_FEATURE:1cxx_return_type_deduction
    Feature record: CXX_FEATURE:1cxx_right_angle_brackets
    Feature record: CXX_FEATURE:1cxx_rvalue_references
    Feature record: CXX_FEATURE:1cxx_sizeof_member
    Feature record: CXX_FEATURE:1cxx_static_assert
    Feature record: CXX_FEATURE:1cxx_strong_enums
    Feature record: CXX_FEATURE:1cxx_template_template_parameters
    Feature record: CXX_FEATURE:1cxx_thread_local
    Feature record: CXX_FEATURE:1cxx_trailing_return_types
    Feature record: CXX_FEATURE:1cxx_unicode_literals
    Feature record: CXX_FEATURE:1cxx_uniform_initialization
    Feature record: CXX_FEATURE:1cxx_unrestricted_unions
    Feature record: CXX_FEATURE:1cxx_user_literals
    Feature record: CXX_FEATURE:1cxx_variable_templates
    Feature record: CXX_FEATURE:1cxx_variadic_macros
    Feature record: CXX_FEATURE:1cxx_variadic_templates


Detecting CXX [-std=c++14] compiler features compiled with the following output:
Change Dir: /datahome/datasets/ericteam/zmzhang/Microbe_Seq/scLJA/build/CMakeFiles/CMakeTmp

Run Build Command(s):/usr/bin/gmake cmTC_9126d/fast 
/usr/bin/gmake -f CMakeFiles/cmTC_9126d.dir/build.make CMakeFiles/cmTC_9126d.dir/build
gmake[1]: Entering directory '/datahome/datasets/ericteam/zmzhang/Microbe_Seq/scLJA/build/CMakeFiles/CMakeTmp'
Building CXX object CMakeFiles/cmTC_9126d.dir/feature_tests.cxx.o
/home/comp/zmzhang/software/anaconda3/envs/sclja/bin/c++    -std=c++14 -o CMakeFiles/cmTC_9126d.dir/feature_tests.cxx.o -c /datahome/datasets/ericteam/zmzhang/Microbe_Seq/scLJA/build/CMakeFiles/feature_tests.cxx
Linking CXX executable cmTC_9126d
/home/comp/zmzhang/software/anaconda3/bin/cmake -E cmake_link_script CMakeFiles/cmTC_9126d.dir/link.txt --verbose=1
/home/comp/zmzhang/software/anaconda3/envs/sclja/bin/c++       CMakeFiles/cmTC_9126d.dir/feature_tests.cxx.o  -o cmTC_9126d 
gmake[1]: Leaving directory '/datahome/datasets/ericteam/zmzhang/Microbe_Seq/scLJA/build/CMakeFiles/CMakeTmp'


    Feature record: CXX_FEATURE:1cxx_aggregate_default_initializers
    Feature record: CXX_FEATURE:1cxx_alias_templates
    Feature record: CXX_FEATURE:1cxx_alignas
    Feature record: CXX_FEATURE:1cxx_alignof
    Feature record: CXX_FEATURE:1cxx_attributes
    Feature record: CXX_FEATURE:1cxx_attribute_deprecated
    Feature record: CXX_FEATURE:1cxx_auto_type
    Feature record: CXX_FEATURE:1cxx_binary_literals
    Feature record: CXX_FEATURE:1cxx_constexpr
    Feature record: CXX_FEATURE:1cxx_contextual_conversions
    Feature record: CXX_FEATURE:1cxx_decltype
    Feature record: CXX_FEATURE:1cxx_decltype_auto
    Feature record: CXX_FEATURE:1cxx_decltype_incomplete_return_types
    Feature record: CXX_FEATURE:1cxx_default_function_template_args
    Feature record: CXX_FEATURE:1cxx_defaulted_functions
    Feature record: CXX_FEATURE:1cxx_defaulted_move_initializers
    Feature record: CXX_FEATURE:1cxx_delegating_constructors
    Feature record: CXX_FEATURE:1cxx_deleted_functions
    Feature record: CXX_FEATURE:1cxx_digit_separators
    Feature record: CXX_FEATURE:1cxx_enum_forward_declarations
    Feature record: CXX_FEATURE:1cxx_explicit_conversions
    Feature record: CXX_FEATURE:1cxx_extended_friend_declarations
    Feature record: CXX_FEATURE:1cxx_extern_templates
    Feature record: CXX_FEATURE:1cxx_final
    Feature record: CXX_FEATURE:1cxx_func_identifier
    Feature record: CXX_FEATURE:1cxx_generalized_initializers
    Feature record: CXX_FEATURE:1cxx_generic_lambdas
    Feature record: CXX_FEATURE:1cxx_inheriting_constructors
    Feature record: CXX_FEATURE:1cxx_inline_namespaces
    Feature record: CXX_FEATURE:1cxx_lambdas
    Feature record: CXX_FEATURE:1cxx_lambda_init_captures
    Feature record: CXX_FEATURE:1cxx_local_type_template_args
    Feature record: CXX_FEATURE:1cxx_long_long_type
    Feature record: CXX_FEATURE:1cxx_noexcept
    Feature record: CXX_FEATURE:1cxx_nonstatic_member_init
    Feature record: CXX_FEATURE:1cxx_nullptr
    Feature record: CXX_FEATURE:1cxx_override
    Feature record: CXX_FEATURE:1cxx_range_for
    Feature record: CXX_FEATURE:1cxx_raw_string_literals
    Feature record: CXX_FEATURE:1cxx_reference_qualified_functions
    Feature record: CXX_FEATURE:1cxx_relaxed_constexpr
    Feature record: CXX_FEATURE:1cxx_return_type_deduction
    Feature record: CXX_FEATURE:1cxx_right_angle_brackets
    Feature record: CXX_FEATURE:1cxx_rvalue_references
    Feature record: CXX_FEATURE:1cxx_sizeof_member
    Feature record: CXX_FEATURE:1cxx_static_assert
    Feature record: CXX_FEATURE:1cxx_strong_enums
    Feature record: CXX_FEATURE:1cxx_template_template_parameters
    Feature record: CXX_FEATURE:1cxx_thread_local
    Feature record: CXX_FEATURE:1cxx_trailing_return_types
    Feature record: CXX_FEATURE:1cxx_unicode_literals
    Feature record: CXX_FEATURE:1cxx_uniform_initialization
    Feature record: CXX_FEATURE:1cxx_unrestricted_unions
    Feature record: CXX_FEATURE:1cxx_user_literals
    Feature record: CXX_FEATURE:1cxx_variable_templates
    Feature record: CXX_FEATURE:1cxx_variadic_macros
    Feature record: CXX_FEATURE:1cxx_variadic_templates


Detecting CXX [-std=c++11] compiler features compiled with the following output:
Change Dir: /datahome/datasets/ericteam/zmzhang/Microbe_Seq/scLJA/build/CMakeFiles/CMakeTmp

Run Build Command(s):/usr/bin/gmake cmTC_25ad0/fast 
/usr/bin/gmake -f CMakeFiles/cmTC_25ad0.dir/build.make CMakeFiles/cmTC_25ad0.dir/build
gmake[1]: Entering directory '/datahome/datasets/ericteam/zmzhang/Microbe_Seq/scLJA/build/CMakeFiles/CMakeTmp'
Building CXX object CMakeFiles/cmTC_25ad0.dir/feature_tests.cxx.o
/home/comp/zmzhang/software/anaconda3/envs/sclja/bin/c++    -std=c++11 -o CMakeFiles/cmTC_25ad0.dir/feature_tests.cxx.o -c /datahome/datasets/ericteam/zmzhang/Microbe_Seq/scLJA/build/CMakeFiles/feature_tests.cxx
Linking CXX executable cmTC_25ad0
/home/comp/zmzhang/software/anaconda3/bin/cmake -E cmake_link_script CMakeFiles/cmTC_25ad0.dir/link.txt --verbose=1
/home/comp/zmzhang/software/anaconda3/envs/sclja/bin/c++       CMakeFiles/cmTC_25ad0.dir/feature_tests.cxx.o  -o cmTC_25ad0 
gmake[1]: Leaving directory '/datahome/datasets/ericteam/zmzhang/Microbe_Seq/scLJA/build/CMakeFiles/CMakeTmp'


    Feature record: CXX_FEATURE:0cxx_aggregate_default_initializers
    Feature record: CXX_FEATURE:1cxx_alias_templates
    Feature record: CXX_FEATURE:1cxx_alignas
    Feature record: CXX_FEATURE:1cxx_alignof
    Feature record: CXX_FEATURE:1cxx_attributes
    Feature record: CXX_FEATURE:0cxx_attribute_deprecated
    Feature record: CXX_FEATURE:1cxx_auto_type
    Feature record: CXX_FEATURE:0cxx_binary_literals
    Feature record: CXX_FEATURE:1cxx_constexpr
    Feature record: CXX_FEATURE:0cxx_contextual_conversions
    Feature record: CXX_FEATURE:1cxx_decltype
    Feature record: CXX_FEATURE:0cxx_decltype_auto
    Feature record: CXX_FEATURE:1cxx_decltype_incomplete_return_types
    Feature record: CXX_FEATURE:1cxx_default_function_template_args
    Feature record: CXX_FEATURE:1cxx_defaulted_functions
    Feature record: CXX_FEATURE:1cxx_defaulted_move_initializers
    Feature record: CXX_FEATURE:1cxx_delegating_constructors
    Feature record: CXX_FEATURE:1cxx_deleted_functions
    Feature record: CXX_FEATURE:0cxx_digit_separators
    Feature record: CXX_FEATURE:1cxx_enum_forward_declarations
    Feature record: CXX_FEATURE:1cxx_explicit_conversions
    Feature record: CXX_FEATURE:1cxx_extended_friend_declarations
    Feature record: CXX_FEATURE:1cxx_extern_templates
    Feature record: CXX_FEATURE:1cxx_final
    Feature record: CXX_FEATURE:1cxx_func_identifier
    Feature record: CXX_FEATURE:1cxx_generalized_initializers
    Feature record: CXX_FEATURE:0cxx_generic_lambdas
    Feature record: CXX_FEATURE:1cxx_inheriting_constructors
    Feature record: CXX_FEATURE:1cxx_inline_namespaces
    Feature record: CXX_FEATURE:1cxx_lambdas
    Feature record: CXX_FEATURE:0cxx_lambda_init_captures
    Feature record: CXX_FEATURE:1cxx_local_type_template_args
    Feature record: CXX_FEATURE:1cxx_long_long_type
    Feature record: CXX_FEATURE:1cxx_noexcept
    Feature record: CXX_FEATURE:1cxx_nonstatic_member_init
    Feature record: CXX_FEATURE:1cxx_nullptr
    Feature record: CXX_FEATURE:1cxx_override
    Feature record: CXX_FEATURE:1cxx_range_for
    Feature record: CXX_FEATURE:1cxx_raw_string_literals
    Feature record: CXX_FEATURE:1cxx_reference_qualified_functions
    Feature record: CXX_FEATURE:0cxx_relaxed_constexpr
    Feature record: CXX_FEATURE:0cxx_return_type_deduction
    Feature record: CXX_FEATURE:1cxx_right_angle_brackets
    Feature record: CXX_FEATURE:1cxx_rvalue_references
    Feature record: CXX_FEATURE:1cxx_sizeof_member
    Feature record: CXX_FEATURE:1cxx_static_assert
    Feature record: CXX_FEATURE:1cxx_strong_enums
    Feature record: CXX_FEATURE:1cxx_template_template_parameters
    Feature record: CXX_FEATURE:1cxx_thread_local
    Feature record: CXX_FEATURE:1cxx_trailing_return_types
    Feature record: CXX_FEATURE:1cxx_unicode_literals
    Feature record: CXX_FEATURE:1cxx_uniform_initialization
    Feature record: CXX_FEATURE:1cxx_unrestricted_unions
    Feature record: CXX_FEATURE:1cxx_user_literals
    Feature record: CXX_FEATURE:0cxx_variable_templates
    Feature record: CXX_FEATURE:1cxx_variadic_macros
    Feature record: CXX_FEATURE:1cxx_variadic_templates


Detecting CXX [-std=c++98] compiler features compiled with the following output:
Change Dir: /datahome/datasets/ericteam/zmzhang/Microbe_Seq/scLJA/build/CMakeFiles/CMakeTmp

Run Build Command(s):/usr/bin/gmake cmTC_00eca/fast 
/usr/bin/gmake -f CMakeFiles/cmTC_00eca.dir/build.make CMakeFiles/cmTC_00eca.dir/build
gmake[1]: Entering directory '/datahome/datasets/ericteam/zmzhang/Microbe_Seq/scLJA/build/CMakeFiles/CMakeTmp'
Building CXX object CMakeFiles/cmTC_00eca.dir/feature_tests.cxx.o
/home/comp/zmzhang/software/anaconda3/envs/sclja/bin/c++    -std=c++98 -o CMakeFiles/cmTC_00eca.dir/feature_tests.cxx.o -c /datahome/datasets/ericteam/zmzhang/Microbe_Seq/scLJA/build/CMakeFiles/feature_tests.cxx
Linking CXX executable cmTC_00eca
/home/comp/zmzhang/software/anaconda3/bin/cmake -E cmake_link_script CMakeFiles/cmTC_00eca.dir/link.txt --verbose=1
/home/comp/zmzhang/software/anaconda3/envs/sclja/bin/c++       CMakeFiles/cmTC_00eca.dir/feature_tests.cxx.o  -o cmTC_00eca 
gmake[1]: Leaving directory '/datahome/datasets/ericteam/zmzhang/Microbe_Seq/scLJA/build/CMakeFiles/CMakeTmp'


    Feature record: CXX_FEATURE:0cxx_aggregate_default_initializers
    Feature record: CXX_FEATURE:0cxx_alias_templates
    Feature record: CXX_FEATURE:0cxx_alignas
    Feature record: CXX_FEATURE:0cxx_alignof
    Feature record: CXX_FEATURE:0cxx_attributes
    Feature record: CXX_FEATURE:0cxx_attribute_deprecated
    Feature record: CXX_FEATURE:0cxx_auto_type
    Feature record: CXX_FEATURE:0cxx_binary_literals
    Feature record: CXX_FEATURE:0cxx_constexpr
    Feature record: CXX_FEATURE:0cxx_contextual_conversions
    Feature record: CXX_FEATURE:0cxx_decltype
    Feature record: CXX_FEATURE:0cxx_decltype_auto
    Feature record: CXX_FEATURE:0cxx_decltype_incomplete_return_types
    Feature record: CXX_FEATURE:0cxx_default_function_template_args
    Feature record: CXX_FEATURE:0cxx_defaulted_functions
    Feature record: CXX_FEATURE:0cxx_defaulted_move_initializers
    Feature record: CXX_FEATURE:0cxx_delegating_constructors
    Feature record: CXX_FEATURE:0cxx_deleted_functions
    Feature record: CXX_FEATURE:0cxx_digit_separators
    Feature record: CXX_FEATURE:0cxx_enum_forward_declarations
    Feature record: CXX_FEATURE:0cxx_explicit_conversions
    Feature record: CXX_FEATURE:0cxx_extended_friend_declarations
    Feature record: CXX_FEATURE:0cxx_extern_templates
    Feature record: CXX_FEATURE:0cxx_final
    Feature record: CXX_FEATURE:0cxx_func_identifier
    Feature record: CXX_FEATURE:0cxx_generalized_initializers
    Feature record: CXX_FEATURE:0cxx_generic_lambdas
    Feature record: CXX_FEATURE:0cxx_inheriting_constructors
    Feature record: CXX_FEATURE:0cxx_inline_namespaces
    Feature record: CXX_FEATURE:0cxx_lambdas
    Feature record: CXX_FEATURE:0cxx_lambda_init_captures
    Feature record: CXX_FEATURE:0cxx_local_type_template_args
    Feature record: CXX_FEATURE:0cxx_long_long_type
    Feature record: CXX_FEATURE:0cxx_noexcept
    Feature record: CXX_FEATURE:0cxx_nonstatic_member_init
    Feature record: CXX_FEATURE:0cxx_nullptr
    Feature record: CXX_FEATURE:0cxx_override
    Feature record: CXX_FEATURE:0cxx_range_for
    Feature record: CXX_FEATURE:0cxx_raw_string_literals
    Feature record: CXX_FEATURE:0cxx_reference_qualified_functions
    Feature record: CXX_FEATURE:0cxx_relaxed_constexpr
    Feature record: CXX_FEATURE:0cxx_return_type_deduction
    Feature record: CXX_FEATURE:0cxx_right_angle_brackets
    Feature record: CXX_FEATURE:0cxx_rvalue_references
    Feature record: CXX_FEATURE:0cxx_sizeof_member
    Feature record: CXX_FEATURE:0cxx_static_assert
    Feature record: CXX_FEATURE:0cxx_strong_enums
    Feature record: CXX_FEATURE:1cxx_template_template_parameters
    Feature record: CXX_FEATURE:0cxx_thread_local
    Feature record: CXX_FEATURE:0cxx_trailing_return_types
    Feature record: CXX_FEATURE:0cxx_unicode_literals
    Feature record: CXX_FEATURE:0cxx_uniform_initialization
    Feature record: CXX_FEATURE:0cxx_unrestricted_unions
    Feature record: CXX_FEATURE:0cxx_user_literals
    Feature record: CXX_FEATURE:0cxx_variable_templates
    Feature record: CXX_FEATURE:0cxx_variadic_macros
    Feature record: CXX_FEATURE:0cxx_variadic_templates
